"../../../Engine/Content/EditorResources/S_Actor.ubulk" 0
"../../../Engine/Content/EditorResources/S_Actor.uasset" 1
"../../../Engine/Content/EditorResources/S_Actor.uexp" 2
"../../../Engine/Content/EditorResources/S_BoxReflectionCapture.uasset" 3
"../../../Engine/Content/EditorResources/S_BoxReflectionCapture.uexp" 4
"../../../Engine/Content/EngineResources/DefaultTexture.ubulk" 5
"../../../Engine/Content/EngineResources/DefaultTexture.uasset" 6
"../../../Engine/Content/EngineResources/DefaultTexture.uexp" 7
"../../../Engine/Content/EngineResources/DefaultTextureCube.uasset" 8
"../../../Engine/Content/EngineResources/DefaultTextureCube.uexp" 9
"../../../Engine/Content/EngineResources/DefaultVolumeTexture2D.uasset" 10
"../../../Engine/Content/EngineResources/DefaultVolumeTexture2D.uexp" 11
"../../../Engine/Content/EngineResources/DefaultVolumeTexture.uasset" 12
"../../../Engine/Content/EngineResources/DefaultVolumeTexture.uexp" 13
"../../../Engine/Content/EditorResources/S_Trigger.ubulk" 14
"../../../Engine/Content/EditorResources/S_Trigger.uasset" 15
"../../../Engine/Content/EditorResources/S_Trigger.uexp" 16
"../../../Engine/Content/EditorResources/S_TriggerBox.uasset" 17
"../../../Engine/Content/EditorResources/S_TriggerBox.uexp" 18
"../../../Engine/Content/EditorResources/S_TriggerCapsule.uasset" 19
"../../../Engine/Content/EditorResources/S_TriggerCapsule.uexp" 20
"../../../Engine/Content/EditorResources/S_TriggerSphere.uasset" 21
"../../../Engine/Content/EditorResources/S_TriggerSphere.uexp" 22
"../../../Engine/Content/EngineMeshes/Sphere.ubulk" 23
"../../../Engine/Content/EngineMeshes/Sphere.uasset" 24
"../../../Engine/Content/EngineMeshes/Sphere.uexp" 25
"../../../Engine/Content/EngineResources/GradientTexture0.uasset" 26
"../../../Engine/Content/EngineResources/GradientTexture0.uexp" 27
"../../../Engine/Content/VREditor/LaserPointer/VR_LaserPower_01.ubulk" 28
"../../../Engine/Content/VREditor/LaserPointer/VR_LaserPower_01.uasset" 29
"../../../Engine/Content/VREditor/LaserPointer/VR_LaserPower_01.uexp" 30
"../../../Engine/Content/VREditor/TransformGizmo/TransformGizmoMaterial.uasset" 31
"../../../Engine/Content/VREditor/TransformGizmo/TransformGizmoMaterial.uexp" 32
"../../../Engine/Content/VREditor/TransformGizmo/TranslucentTransformGizmoMaterial.uasset" 33
"../../../Engine/Content/VREditor/TransformGizmo/TranslucentTransformGizmoMaterial.uexp" 34
"../../../Engine/Content/VREditor/TransformGizmo/BoundingBoxCorner.ubulk" 35
"../../../Engine/Content/VREditor/TransformGizmo/BoundingBoxCorner.uasset" 36
"../../../Engine/Content/VREditor/TransformGizmo/BoundingBoxCorner.uexp" 37
"../../../Engine/Content/VREditor/TransformGizmo/BoundingBoxEdge.ubulk" 38
"../../../Engine/Content/VREditor/TransformGizmo/BoundingBoxEdge.uasset" 39
"../../../Engine/Content/VREditor/TransformGizmo/BoundingBoxEdge.uexp" 40
"../../../Engine/Content/VREditor/TransformGizmo/Main.uasset" 41
"../../../Engine/Content/VREditor/TransformGizmo/Main.uexp" 42
"../../../Engine/Content/VREditor/TransformGizmo/Xray.uasset" 43
"../../../Engine/Content/VREditor/TransformGizmo/Xray.uexp" 44
"../../../Engine/Content/VREditor/TransformGizmo/SM_Sequencer_Node.ubulk" 45
"../../../Engine/Content/VREditor/TransformGizmo/SM_Sequencer_Node.uasset" 46
"../../../Engine/Content/VREditor/TransformGizmo/SM_Sequencer_Node.uexp" 47
"../../../Engine/Content/EditorResources/S_Solver.ubulk" 48
"../../../Engine/Content/EditorResources/S_Solver.uasset" 49
"../../../Engine/Content/EditorResources/S_Solver.uexp" 50
"../../../Engine/Content/EditorMaterials/Camera/CineMat.uasset" 51
"../../../Engine/Content/EditorMaterials/Camera/CineMat.uexp" 52
"../../../Engine/Content/EditorMaterials/Camera/MI_CineMat_Rig.uasset" 53
"../../../Engine/Content/EditorMaterials/Camera/MI_CineMat_Rig.uexp" 54
"../../../Engine/Content/EditorMeshes/Camera/SM_CraneRig_Base.ubulk" 55
"../../../Engine/Content/EditorMeshes/Camera/SM_CraneRig_Base.uasset" 56
"../../../Engine/Content/EditorMeshes/Camera/SM_CraneRig_Base.uexp" 57
"../../../Engine/Content/EditorMeshes/Camera/SM_CraneRig_Arm.ubulk" 58
"../../../Engine/Content/EditorMeshes/Camera/SM_CraneRig_Arm.uasset" 59
"../../../Engine/Content/EditorMeshes/Camera/SM_CraneRig_Arm.uexp" 60
"../../../Engine/Content/EditorMeshes/Camera/SM_CraneRig_Mount.ubulk" 61
"../../../Engine/Content/EditorMeshes/Camera/SM_CraneRig_Mount.uasset" 62
"../../../Engine/Content/EditorMeshes/Camera/SM_CraneRig_Mount.uexp" 63
"../../../Engine/Content/EditorMeshes/Camera/SM_CraneRig_Body.ubulk" 64
"../../../Engine/Content/EditorMeshes/Camera/SM_CraneRig_Body.uasset" 65
"../../../Engine/Content/EditorMeshes/Camera/SM_CraneRig_Body.uexp" 66
"../../../Engine/Content/EditorMeshes/Camera/SM_RailRig_Track.ubulk" 67
"../../../Engine/Content/EditorMeshes/Camera/SM_RailRig_Track.uasset" 68
"../../../Engine/Content/EditorMeshes/Camera/SM_RailRig_Track.uexp" 69
"../../../Engine/Content/EditorMeshes/Camera/SM_RailRig_Mount.ubulk" 70
"../../../Engine/Content/EditorMeshes/Camera/SM_RailRig_Mount.uasset" 71
"../../../Engine/Content/EditorMeshes/Camera/SM_RailRig_Mount.uexp" 72
"../../../Engine/Content/EngineMaterials/T_Default_Material_Grid_M.ubulk" 73
"../../../Engine/Content/EngineMaterials/T_Default_Material_Grid_M.uasset" 74
"../../../Engine/Content/EngineMaterials/T_Default_Material_Grid_M.uexp" 75
"../../../Engine/Content/EngineMaterials/T_Default_Material_Grid_N.ubulk" 76
"../../../Engine/Content/EngineMaterials/T_Default_Material_Grid_N.uasset" 77
"../../../Engine/Content/EngineMaterials/T_Default_Material_Grid_N.uexp" 78
"../../../Engine/Content/Functions/Engine_MaterialFunctions01/Opacity/CameraDepthFade.uasset" 79
"../../../Engine/Content/Functions/Engine_MaterialFunctions01/Opacity/CameraDepthFade.uexp" 80
"../../../Engine/Content/EngineMaterials/WorldGridMaterial.uasset" 81
"../../../Engine/Content/EngineMaterials/WorldGridMaterial.uexp" 82
"../../../Engine/Content/ArtTools/RenderToTexture/Meshes/S_1_Unit_Plane.ubulk" 83
"../../../Engine/Content/ArtTools/RenderToTexture/Meshes/S_1_Unit_Plane.uasset" 84
"../../../Engine/Content/ArtTools/RenderToTexture/Meshes/S_1_Unit_Plane.uexp" 85
"../../../Engine/Content/EditorMaterials/ParticleSystems/PSysThumbnail_NoImage.uasset" 86
"../../../Engine/Content/EditorMaterials/ParticleSystems/PSysThumbnail_NoImage.uexp" 87
"../../../Engine/Content/EditorMaterials/ParticleSystems/PSysThumbnail_OOD.ubulk" 88
"../../../Engine/Content/EditorMaterials/ParticleSystems/PSysThumbnail_OOD.uasset" 89
"../../../Engine/Content/EditorMaterials/ParticleSystems/PSysThumbnail_OOD.uexp" 90
"../../../Engine/Content/EditorLandscapeResources/SplineEditorMeshMat.uasset" 91
"../../../Engine/Content/EditorLandscapeResources/SplineEditorMeshMat.uexp" 92
"../../../Engine/Content/EditorLandscapeResources/SplineEditorMesh.ubulk" 93
"../../../Engine/Content/EditorLandscapeResources/SplineEditorMesh.uasset" 94
"../../../Engine/Content/EditorLandscapeResources/SplineEditorMesh.uexp" 95
"../../../Engine/Plugins/Media/MediaPlate/Content/SM_MediaPlateScreen.ubulk" 96
"../../../Engine/Plugins/Media/MediaPlate/Content/SM_MediaPlateScreen.uasset" 97
"../../../Engine/Plugins/Media/MediaPlate/Content/SM_MediaPlateScreen.uexp" 98
"../../../Engine/Content/EngineMaterials/DefaultBokeh.uasset" 99
"../../../Engine/Content/EngineMaterials/DefaultBokeh.uexp" 100
"../../../Engine/Content/EngineMaterials/MiniFont.uasset" 101
"../../../Engine/Content/EngineMaterials/MiniFont.uexp" 102
"../../../Engine/Content/EngineMaterials/WeightMapPlaceholderTexture.uasset" 103
"../../../Engine/Content/EngineMaterials/WeightMapPlaceholderTexture.uexp" 104
"../../../Engine/Content/EngineMaterials/WeightMapArrayPlaceholderTexture.uasset" 105
"../../../Engine/Content/EngineMaterials/WeightMapArrayPlaceholderTexture.uexp" 106
"../../../Engine/Content/EngineMaterials/DefaultWhiteGrid.ubulk" 107
"../../../Engine/Content/EngineMaterials/DefaultWhiteGrid.uasset" 108
"../../../Engine/Content/EngineMaterials/DefaultWhiteGrid.uexp" 109
"../../../Engine/Content/EngineMaterials/PreintegratedSkinBRDF.uasset" 110
"../../../Engine/Content/EngineMaterials/PreintegratedSkinBRDF.uexp" 111
"../../../Engine/Plugins/Runtime/MeshModelingToolset/Content/Materials/M_DynamicMeshComponentVtxColor.uasset" 112
"../../../Engine/Plugins/Runtime/MeshModelingToolset/Content/Materials/M_DynamicMeshComponentVtxColor.uexp" 113
"../../../Engine/Content/Functions/Engine_MaterialFunctions02/Utility/CameraDirectionVector.uasset" 114
"../../../Engine/Content/Functions/Engine_MaterialFunctions02/Utility/CameraDirectionVector.uexp" 115
"../../../Engine/Content/Functions/Engine_MaterialFunctions01/Volumetrics/BeersLaw.uasset" 116
"../../../Engine/Content/Functions/Engine_MaterialFunctions01/Volumetrics/BeersLaw.uexp" 117
"../../../Engine/Content/EngineMaterials/Good64x64TilingNoiseHighFreq.uasset" 118
"../../../Engine/Content/EngineMaterials/Good64x64TilingNoiseHighFreq.uexp" 119
"../../../Engine/Content/Functions/Engine_MaterialFunctions02/Texturing/ScreenAlignedPixelToPixelUVs.uasset" 120
"../../../Engine/Content/Functions/Engine_MaterialFunctions02/Texturing/ScreenAlignedPixelToPixelUVs.uexp" 121
"../../../Engine/Content/Functions/Engine_MaterialFunctions02/Utility/BreakOutFloat3Components.uasset" 122
"../../../Engine/Content/Functions/Engine_MaterialFunctions02/Utility/BreakOutFloat3Components.uexp" 123
"../../../Engine/Content/Functions/Engine_MaterialFunctions03/Math/RemapValueRange.uasset" 124
"../../../Engine/Content/Functions/Engine_MaterialFunctions03/Math/RemapValueRange.uexp" 125
"../../../Engine/Plugins/Editor/SpeedTreeImporter/Content/SpeedTree9/game_wind_noise.ubulk" 126
"../../../Engine/Plugins/Editor/SpeedTreeImporter/Content/SpeedTree9/game_wind_noise.uasset" 127
"../../../Engine/Plugins/Editor/SpeedTreeImporter/Content/SpeedTree9/game_wind_noise.uexp" 128
"../../../Engine/Plugins/Editor/SpeedTreeImporter/Content/SpeedTree9/UnpackDirection.uasset" 129
"../../../Engine/Plugins/Editor/SpeedTreeImporter/Content/SpeedTree9/UnpackDirection.uexp" 130
"../../../Engine/Content/Functions/Engine_MaterialFunctions02/ObjectLocalBounds.uasset" 131
"../../../Engine/Content/Functions/Engine_MaterialFunctions02/ObjectLocalBounds.uexp" 132
"../../../Engine/Content/Functions/Engine_MaterialFunctions02/UVs/BoundingBoxBased_0-1_UVW.uasset" 133
"../../../Engine/Content/Functions/Engine_MaterialFunctions02/UVs/BoundingBoxBased_0-1_UVW.uexp" 134
"../../../Engine/Content/Functions/Engine_MaterialFunctions02/Utility/VectorLength.uasset" 135
"../../../Engine/Content/Functions/Engine_MaterialFunctions02/Utility/VectorLength.uexp" 136
"../../../Engine/Plugins/Editor/SpeedTreeImporter/Content/SpeedTree9/UnpackInteger3.uasset" 137
"../../../Engine/Plugins/Editor/SpeedTreeImporter/Content/SpeedTree9/UnpackInteger3.uexp" 138
"../../../Engine/Plugins/Editor/SpeedTreeImporter/Content/SpeedTree9/SpeedTreeCameraFacing.uasset" 139
"../../../Engine/Plugins/Editor/SpeedTreeImporter/Content/SpeedTree9/SpeedTreeCameraFacing.uexp" 140
"../../../Engine/Content/Functions/Engine_MaterialFunctions02/WorldPositionOffset/ObjectScale.uasset" 141
"../../../Engine/Content/Functions/Engine_MaterialFunctions02/WorldPositionOffset/ObjectScale.uexp" 142
"../../../Engine/Content/Functions/Engine_MaterialFunctions02/SafeNormalize.uasset" 143
"../../../Engine/Content/Functions/Engine_MaterialFunctions02/SafeNormalize.uexp" 144
"../../../Engine/Plugins/Editor/SpeedTreeImporter/Content/SpeedTree9/SpeedTreeWindMotion.uasset" 145
"../../../Engine/Plugins/Editor/SpeedTreeImporter/Content/SpeedTree9/SpeedTreeWindMotion.uexp" 146
"../../../Engine/Plugins/Editor/SpeedTreeImporter/Content/SpeedTree9/SpeedTreeBranchMotion.uasset" 147
"../../../Engine/Plugins/Editor/SpeedTreeImporter/Content/SpeedTree9/SpeedTreeBranchMotion.uexp" 148
"../../../Engine/Plugins/Editor/SpeedTreeImporter/Content/SpeedTree9/SpeedTreeWind.uasset" 149
"../../../Engine/Plugins/Editor/SpeedTreeImporter/Content/SpeedTree9/SpeedTreeWind.uexp" 150
"../../../Engine/Plugins/Editor/SpeedTreeImporter/Content/SpeedTree9/EmptyNormal.uasset" 151
"../../../Engine/Plugins/Editor/SpeedTreeImporter/Content/SpeedTree9/EmptyNormal.uexp" 152
"../../../Engine/Plugins/Editor/SpeedTreeImporter/Content/SpeedTree9/Empty.uasset" 153
"../../../Engine/Plugins/Editor/SpeedTreeImporter/Content/SpeedTree9/Empty.uexp" 154
"../../../Engine/Plugins/Editor/SpeedTreeImporter/Content/SpeedTree9/SpeedTreeMaster.uasset" 155
"../../../Engine/Plugins/Editor/SpeedTreeImporter/Content/SpeedTree9/SpeedTreeMaster.uexp" 156
"../../../Engine/Plugins/Editor/SpeedTreeImporter/Content/SpeedTree9/SpeedTreeBillboard.uasset" 157
"../../../Engine/Plugins/Editor/SpeedTreeImporter/Content/SpeedTree9/SpeedTreeBillboard.uexp" 158
"../../../Engine/Plugins/Editor/SpeedTreeImporter/Content/SpeedTree9/SpeedTreeBillboardMaster.uasset" 159
"../../../Engine/Plugins/Editor/SpeedTreeImporter/Content/SpeedTree9/SpeedTreeBillboardMaster.uexp" 160
"../../../Engine/Content/Functions/Engine_MaterialFunctions02/WorldPositionOffset/CameraOffset.uasset" 161
"../../../Engine/Content/Functions/Engine_MaterialFunctions02/WorldPositionOffset/CameraOffset.uexp" 162
"../../../Engine/Plugins/Animation/ControlRig/Content/M_Manip.uasset" 163
"../../../Engine/Plugins/Animation/ControlRig/Content/M_Manip.uexp" 164
"../../../Engine/Plugins/Animation/ControlRig/Content/Controls/DefaultGizmoLibraryNormalized.uasset" 165
"../../../Engine/Plugins/Animation/ControlRig/Content/Controls/DefaultGizmoLibraryNormalized.uexp" 166
"../../../Engine/Plugins/Animation/ControlRig/Content/Controls/ControlRig_Wedge_solid.ubulk" 167
"../../../Engine/Plugins/Animation/ControlRig/Content/Controls/ControlRig_Wedge_solid.uasset" 168
"../../../Engine/Plugins/Animation/ControlRig/Content/Controls/ControlRig_Wedge_solid.uexp" 169
"../../../Engine/Plugins/Animation/ControlRig/Content/Controls/ControlRig_Wedge_3mm.ubulk" 170
"../../../Engine/Plugins/Animation/ControlRig/Content/Controls/ControlRig_Wedge_3mm.uasset" 171
"../../../Engine/Plugins/Animation/ControlRig/Content/Controls/ControlRig_Wedge_3mm.uexp" 172
"../../../Engine/Plugins/Animation/ControlRig/Content/Controls/ControlRig_Wedge_1mm.ubulk" 173
"../../../Engine/Plugins/Animation/ControlRig/Content/Controls/ControlRig_Wedge_1mm.uasset" 174
"../../../Engine/Plugins/Animation/ControlRig/Content/Controls/ControlRig_Wedge_1mm.uexp" 175
"../../../Engine/Plugins/Animation/ControlRig/Content/Controls/ControlRig_Triangle_solid.ubulk" 176
"../../../Engine/Plugins/Animation/ControlRig/Content/Controls/ControlRig_Triangle_solid.uasset" 177
"../../../Engine/Plugins/Animation/ControlRig/Content/Controls/ControlRig_Triangle_solid.uexp" 178
"../../../Engine/Plugins/Animation/ControlRig/Content/Controls/ControlRig_Triangle_3mm.ubulk" 179
"../../../Engine/Plugins/Animation/ControlRig/Content/Controls/ControlRig_Triangle_3mm.uasset" 180
"../../../Engine/Plugins/Animation/ControlRig/Content/Controls/ControlRig_Triangle_3mm.uexp" 181
"../../../Engine/Plugins/Animation/ControlRig/Content/Controls/ControlRig_Triangle_1mm.ubulk" 182
"../../../Engine/Plugins/Animation/ControlRig/Content/Controls/ControlRig_Triangle_1mm.uasset" 183
"../../../Engine/Plugins/Animation/ControlRig/Content/Controls/ControlRig_Triangle_1mm.uexp" 184
"../../../Engine/Plugins/Animation/ControlRig/Content/Controls/ControlRig_Star4_solid.ubulk" 185
"../../../Engine/Plugins/Animation/ControlRig/Content/Controls/ControlRig_Star4_solid.uasset" 186
"../../../Engine/Plugins/Animation/ControlRig/Content/Controls/ControlRig_Star4_solid.uexp" 187
"../../../Engine/Plugins/Animation/ControlRig/Content/Controls/ControlRig_Star4_3mm.ubulk" 188
"../../../Engine/Plugins/Animation/ControlRig/Content/Controls/ControlRig_Star4_3mm.uasset" 189
"../../../Engine/Plugins/Animation/ControlRig/Content/Controls/ControlRig_Star4_3mm.uexp" 190
"../../../Engine/Plugins/Animation/ControlRig/Content/Controls/ControlRig_Star4_1mm.ubulk" 191
"../../../Engine/Plugins/Animation/ControlRig/Content/Controls/ControlRig_Star4_1mm.uasset" 192
"../../../Engine/Plugins/Animation/ControlRig/Content/Controls/ControlRig_Star4_1mm.uexp" 193
"../../../Engine/Plugins/Animation/ControlRig/Content/Controls/ControlRig_Square_solid.ubulk" 194
"../../../Engine/Plugins/Animation/ControlRig/Content/Controls/ControlRig_Square_solid.uasset" 195
"../../../Engine/Plugins/Animation/ControlRig/Content/Controls/ControlRig_Square_solid.uexp" 196
"../../../Engine/Plugins/Animation/ControlRig/Content/Controls/ControlRig_Square_3mm.ubulk" 197
"../../../Engine/Plugins/Animation/ControlRig/Content/Controls/ControlRig_Square_3mm.uasset" 198
"../../../Engine/Plugins/Animation/ControlRig/Content/Controls/ControlRig_Square_3mm.uexp" 199
"../../../Engine/Plugins/Animation/ControlRig/Content/Controls/ControlRig_Square_1mm.ubulk" 200
"../../../Engine/Plugins/Animation/ControlRig/Content/Controls/ControlRig_Square_1mm.uasset" 201
"../../../Engine/Plugins/Animation/ControlRig/Content/Controls/ControlRig_Square_1mm.uexp" 202
"../../../Engine/Plugins/Animation/ControlRig/Content/Controls/ControlRig_Sphere_solid.ubulk" 203
"../../../Engine/Plugins/Animation/ControlRig/Content/Controls/ControlRig_Sphere_solid.uasset" 204
"../../../Engine/Plugins/Animation/ControlRig/Content/Controls/ControlRig_Sphere_solid.uexp" 205
"../../../Engine/Plugins/Animation/ControlRig/Content/Controls/ControlRig_Sphere_3mm.ubulk" 206
"../../../Engine/Plugins/Animation/ControlRig/Content/Controls/ControlRig_Sphere_3mm.uasset" 207
"../../../Engine/Plugins/Animation/ControlRig/Content/Controls/ControlRig_Sphere_3mm.uexp" 208
"../../../Engine/Plugins/Animation/ControlRig/Content/Controls/ControlRig_Sphere_1mm.ubulk" 209
"../../../Engine/Plugins/Animation/ControlRig/Content/Controls/ControlRig_Sphere_1mm.uasset" 210
"../../../Engine/Plugins/Animation/ControlRig/Content/Controls/ControlRig_Sphere_1mm.uexp" 211
"../../../Engine/Plugins/Animation/ControlRig/Content/Controls/ControlRig_RoundedTriangle_solid.ubulk" 212
"../../../Engine/Plugins/Animation/ControlRig/Content/Controls/ControlRig_RoundedTriangle_solid.uasset" 213
"../../../Engine/Plugins/Animation/ControlRig/Content/Controls/ControlRig_RoundedTriangle_solid.uexp" 214
"../../../Engine/Plugins/Animation/ControlRig/Content/Controls/ControlRig_RoundedTriangle_3mm.ubulk" 215
"../../../Engine/Plugins/Animation/ControlRig/Content/Controls/ControlRig_RoundedTriangle_3mm.uasset" 216
"../../../Engine/Plugins/Animation/ControlRig/Content/Controls/ControlRig_RoundedTriangle_3mm.uexp" 217
"../../../Engine/Plugins/Animation/ControlRig/Content/Controls/ControlRig_RoundedTriangle_1mm.ubulk" 218
"../../../Engine/Plugins/Animation/ControlRig/Content/Controls/ControlRig_RoundedTriangle_1mm.uasset" 219
"../../../Engine/Plugins/Animation/ControlRig/Content/Controls/ControlRig_RoundedTriangle_1mm.uexp" 220
"../../../Engine/Plugins/Animation/ControlRig/Content/Controls/ControlRig_RoundedSquare_solid.ubulk" 221
"../../../Engine/Plugins/Animation/ControlRig/Content/Controls/ControlRig_RoundedSquare_solid.uasset" 222
"../../../Engine/Plugins/Animation/ControlRig/Content/Controls/ControlRig_RoundedSquare_solid.uexp" 223
"../../../Engine/Plugins/Animation/ControlRig/Content/Controls/ControlRig_RoundedSquare_3mm.ubulk" 224
"../../../Engine/Plugins/Animation/ControlRig/Content/Controls/ControlRig_RoundedSquare_3mm.uasset" 225
"../../../Engine/Plugins/Animation/ControlRig/Content/Controls/ControlRig_RoundedSquare_3mm.uexp" 226
"../../../Engine/Plugins/Animation/ControlRig/Content/Controls/ControlRig_RoundedSquare_1mm.ubulk" 227
"../../../Engine/Plugins/Animation/ControlRig/Content/Controls/ControlRig_RoundedSquare_1mm.uasset" 228
"../../../Engine/Plugins/Animation/ControlRig/Content/Controls/ControlRig_RoundedSquare_1mm.uexp" 229
"../../../Engine/Plugins/Animation/ControlRig/Content/Controls/ControlRig_QuarterCircle_solid.ubulk" 230
"../../../Engine/Plugins/Animation/ControlRig/Content/Controls/ControlRig_QuarterCircle_solid.uasset" 231
"../../../Engine/Plugins/Animation/ControlRig/Content/Controls/ControlRig_QuarterCircle_solid.uexp" 232
"../../../Engine/Plugins/Animation/ControlRig/Content/Controls/ControlRig_QuarterCircle_3mm.ubulk" 233
"../../../Engine/Plugins/Animation/ControlRig/Content/Controls/ControlRig_QuarterCircle_3mm.uasset" 234
"../../../Engine/Plugins/Animation/ControlRig/Content/Controls/ControlRig_QuarterCircle_3mm.uexp" 235
"../../../Engine/Plugins/Animation/ControlRig/Content/Controls/ControlRig_QuarterCircle_1mm.ubulk" 236
"../../../Engine/Plugins/Animation/ControlRig/Content/Controls/ControlRig_QuarterCircle_1mm.uasset" 237
"../../../Engine/Plugins/Animation/ControlRig/Content/Controls/ControlRig_QuarterCircle_1mm.uexp" 238
"../../../Engine/Plugins/Animation/ControlRig/Content/Controls/ControlRig_Pyramid_solid.ubulk" 239
"../../../Engine/Plugins/Animation/ControlRig/Content/Controls/ControlRig_Pyramid_solid.uasset" 240
"../../../Engine/Plugins/Animation/ControlRig/Content/Controls/ControlRig_Pyramid_solid.uexp" 241
"../../../Engine/Plugins/Animation/ControlRig/Content/Controls/ControlRig_Pyramid_3mm.ubulk" 242
"../../../Engine/Plugins/Animation/ControlRig/Content/Controls/ControlRig_Pyramid_3mm.uasset" 243
"../../../Engine/Plugins/Animation/ControlRig/Content/Controls/ControlRig_Pyramid_3mm.uexp" 244
"../../../Engine/Plugins/Animation/ControlRig/Content/Controls/ControlRig_Pyramid_1mm.ubulk" 245
"../../../Engine/Plugins/Animation/ControlRig/Content/Controls/ControlRig_Pyramid_1mm.uasset" 246
"../../../Engine/Plugins/Animation/ControlRig/Content/Controls/ControlRig_Pyramid_1mm.uexp" 247
"../../../Engine/Plugins/Animation/ControlRig/Content/Controls/ControlRig_Octagon_solid.ubulk" 248
"../../../Engine/Plugins/Animation/ControlRig/Content/Controls/ControlRig_Octagon_solid.uasset" 249
"../../../Engine/Plugins/Animation/ControlRig/Content/Controls/ControlRig_Octagon_solid.uexp" 250
"../../../Engine/Plugins/Animation/ControlRig/Content/Controls/ControlRig_Octagon_3mm.ubulk" 251
"../../../Engine/Plugins/Animation/ControlRig/Content/Controls/ControlRig_Octagon_3mm.uasset" 252
"../../../Engine/Plugins/Animation/ControlRig/Content/Controls/ControlRig_Octagon_3mm.uexp" 253
"../../../Engine/Plugins/Animation/ControlRig/Content/Controls/ControlRig_Octagon_1mm.ubulk" 254
"../../../Engine/Plugins/Animation/ControlRig/Content/Controls/ControlRig_Octagon_1mm.uasset" 255
"../../../Engine/Plugins/Animation/ControlRig/Content/Controls/ControlRig_Octagon_1mm.uexp" 256
"../../../Engine/Plugins/Animation/ControlRig/Content/Controls/ControlRig_Hexagon_solid.ubulk" 257
"../../../Engine/Plugins/Animation/ControlRig/Content/Controls/ControlRig_Hexagon_solid.uasset" 258
"../../../Engine/Plugins/Animation/ControlRig/Content/Controls/ControlRig_Hexagon_solid.uexp" 259
"../../../Engine/Plugins/Animation/ControlRig/Content/Controls/ControlRig_Hexagon_3mm.ubulk" 260
"../../../Engine/Plugins/Animation/ControlRig/Content/Controls/ControlRig_Hexagon_3mm.uasset" 261
"../../../Engine/Plugins/Animation/ControlRig/Content/Controls/ControlRig_Hexagon_3mm.uexp" 262
"../../../Engine/Plugins/Animation/ControlRig/Content/Controls/ControlRig_Hexagon_1mm.ubulk" 263
"../../../Engine/Plugins/Animation/ControlRig/Content/Controls/ControlRig_Hexagon_1mm.uasset" 264
"../../../Engine/Plugins/Animation/ControlRig/Content/Controls/ControlRig_Hexagon_1mm.uexp" 265
"../../../Engine/Plugins/Animation/ControlRig/Content/Controls/ControlRig_HalfCircle_solid.ubulk" 266
"../../../Engine/Plugins/Animation/ControlRig/Content/Controls/ControlRig_HalfCircle_solid.uasset" 267
"../../../Engine/Plugins/Animation/ControlRig/Content/Controls/ControlRig_HalfCircle_solid.uexp" 268
"../../../Engine/Plugins/Animation/ControlRig/Content/Controls/ControlRig_HalfCircle_3mm.ubulk" 269
"../../../Engine/Plugins/Animation/ControlRig/Content/Controls/ControlRig_HalfCircle_3mm.uasset" 270
"../../../Engine/Plugins/Animation/ControlRig/Content/Controls/ControlRig_HalfCircle_3mm.uexp" 271
"../../../Engine/Plugins/Animation/ControlRig/Content/Controls/ControlRig_HalfCircle_1mm.ubulk" 272
"../../../Engine/Plugins/Animation/ControlRig/Content/Controls/ControlRig_HalfCircle_1mm.uasset" 273
"../../../Engine/Plugins/Animation/ControlRig/Content/Controls/ControlRig_HalfCircle_1mm.uexp" 274
"../../../Engine/Plugins/Animation/ControlRig/Content/Controls/ControlRig_Diamond_solid.ubulk" 275
"../../../Engine/Plugins/Animation/ControlRig/Content/Controls/ControlRig_Diamond_solid.uasset" 276
"../../../Engine/Plugins/Animation/ControlRig/Content/Controls/ControlRig_Diamond_solid.uexp" 277
"../../../Engine/Plugins/Animation/ControlRig/Content/Controls/ControlRig_Diamond_3mm.ubulk" 278
"../../../Engine/Plugins/Animation/ControlRig/Content/Controls/ControlRig_Diamond_3mm.uasset" 279
"../../../Engine/Plugins/Animation/ControlRig/Content/Controls/ControlRig_Diamond_3mm.uexp" 280
"../../../Engine/Plugins/Animation/ControlRig/Content/Controls/ControlRig_Diamond_1mm.ubulk" 281
"../../../Engine/Plugins/Animation/ControlRig/Content/Controls/ControlRig_Diamond_1mm.uasset" 282
"../../../Engine/Plugins/Animation/ControlRig/Content/Controls/ControlRig_Diamond_1mm.uexp" 283
"../../../Engine/Plugins/Animation/ControlRig/Content/Controls/ControlRig_Circle_solid.ubulk" 284
"../../../Engine/Plugins/Animation/ControlRig/Content/Controls/ControlRig_Circle_solid.uasset" 285
"../../../Engine/Plugins/Animation/ControlRig/Content/Controls/ControlRig_Circle_solid.uexp" 286
"../../../Engine/Plugins/Animation/ControlRig/Content/Controls/ControlRig_Circle_3mm.ubulk" 287
"../../../Engine/Plugins/Animation/ControlRig/Content/Controls/ControlRig_Circle_3mm.uasset" 288
"../../../Engine/Plugins/Animation/ControlRig/Content/Controls/ControlRig_Circle_3mm.uexp" 289
"../../../Engine/Plugins/Animation/ControlRig/Content/Controls/ControlRig_Circle_1mm.ubulk" 290
"../../../Engine/Plugins/Animation/ControlRig/Content/Controls/ControlRig_Circle_1mm.uasset" 291
"../../../Engine/Plugins/Animation/ControlRig/Content/Controls/ControlRig_Circle_1mm.uexp" 292
"../../../Engine/Plugins/Animation/ControlRig/Content/Controls/ControlRig_Box_solid.ubulk" 293
"../../../Engine/Plugins/Animation/ControlRig/Content/Controls/ControlRig_Box_solid.uasset" 294
"../../../Engine/Plugins/Animation/ControlRig/Content/Controls/ControlRig_Box_solid.uexp" 295
"../../../Engine/Plugins/Animation/ControlRig/Content/Controls/ControlRig_Box_3mm.ubulk" 296
"../../../Engine/Plugins/Animation/ControlRig/Content/Controls/ControlRig_Box_3mm.uasset" 297
"../../../Engine/Plugins/Animation/ControlRig/Content/Controls/ControlRig_Box_3mm.uexp" 298
"../../../Engine/Plugins/Animation/ControlRig/Content/Controls/ControlRig_Box_1mm.ubulk" 299
"../../../Engine/Plugins/Animation/ControlRig/Content/Controls/ControlRig_Box_1mm.uasset" 300
"../../../Engine/Plugins/Animation/ControlRig/Content/Controls/ControlRig_Box_1mm.uexp" 301
"../../../Engine/Plugins/Animation/ControlRig/Content/Controls/ControlRig_Arrow_solid.ubulk" 302
"../../../Engine/Plugins/Animation/ControlRig/Content/Controls/ControlRig_Arrow_solid.uasset" 303
"../../../Engine/Plugins/Animation/ControlRig/Content/Controls/ControlRig_Arrow_solid.uexp" 304
"../../../Engine/Plugins/Animation/ControlRig/Content/Controls/ControlRig_Arrow_3mm.ubulk" 305
"../../../Engine/Plugins/Animation/ControlRig/Content/Controls/ControlRig_Arrow_3mm.uasset" 306
"../../../Engine/Plugins/Animation/ControlRig/Content/Controls/ControlRig_Arrow_3mm.uexp" 307
"../../../Engine/Plugins/Animation/ControlRig/Content/Controls/ControlRig_Arrow_1mm.ubulk" 308
"../../../Engine/Plugins/Animation/ControlRig/Content/Controls/ControlRig_Arrow_1mm.uasset" 309
"../../../Engine/Plugins/Animation/ControlRig/Content/Controls/ControlRig_Arrow_1mm.uexp" 310
"../../../Engine/Plugins/Animation/ControlRig/Content/Controls/ControlRig_Arrow4_solid.ubulk" 311
"../../../Engine/Plugins/Animation/ControlRig/Content/Controls/ControlRig_Arrow4_solid.uasset" 312
"../../../Engine/Plugins/Animation/ControlRig/Content/Controls/ControlRig_Arrow4_solid.uexp" 313
"../../../Engine/Plugins/Animation/ControlRig/Content/Controls/ControlRig_Arrow4_3mm.ubulk" 314
"../../../Engine/Plugins/Animation/ControlRig/Content/Controls/ControlRig_Arrow4_3mm.uasset" 315
"../../../Engine/Plugins/Animation/ControlRig/Content/Controls/ControlRig_Arrow4_3mm.uexp" 316
"../../../Engine/Plugins/Animation/ControlRig/Content/Controls/ControlRig_Arrow4_1mm.ubulk" 317
"../../../Engine/Plugins/Animation/ControlRig/Content/Controls/ControlRig_Arrow4_1mm.uasset" 318
"../../../Engine/Plugins/Animation/ControlRig/Content/Controls/ControlRig_Arrow4_1mm.uexp" 319
"../../../Engine/Plugins/Animation/ControlRig/Content/Controls/ControlRig_Arrow2_solid.ubulk" 320
"../../../Engine/Plugins/Animation/ControlRig/Content/Controls/ControlRig_Arrow2_solid.uasset" 321
"../../../Engine/Plugins/Animation/ControlRig/Content/Controls/ControlRig_Arrow2_solid.uexp" 322
"../../../Engine/Plugins/Animation/ControlRig/Content/Controls/ControlRig_Arrow2_3mm.ubulk" 323
"../../../Engine/Plugins/Animation/ControlRig/Content/Controls/ControlRig_Arrow2_3mm.uasset" 324
"../../../Engine/Plugins/Animation/ControlRig/Content/Controls/ControlRig_Arrow2_3mm.uexp" 325
"../../../Engine/Plugins/Animation/ControlRig/Content/Controls/ControlRig_Arrow2_1mm.ubulk" 326
"../../../Engine/Plugins/Animation/ControlRig/Content/Controls/ControlRig_Arrow2_1mm.uasset" 327
"../../../Engine/Plugins/Animation/ControlRig/Content/Controls/ControlRig_Arrow2_1mm.uexp" 328
"../../../Engine/Plugins/Animation/ControlRig/Content/Controls/ControlRigXRayMaterial.uasset" 329
"../../../Engine/Plugins/Animation/ControlRig/Content/Controls/ControlRigXRayMaterial.uexp" 330
"../../../Engine/Plugins/Animation/ControlRig/Content/Controls/ControlRigGizmoMaterial.uasset" 331
"../../../Engine/Plugins/Animation/ControlRig/Content/Controls/ControlRigGizmoMaterial.uexp" 332
"../../../Engine/Plugins/2D/Paper2D/Content/PlaceholderTextures/DummySpriteTexture.ubulk" 333
"../../../Engine/Plugins/2D/Paper2D/Content/PlaceholderTextures/DummySpriteTexture.uasset" 334
"../../../Engine/Plugins/2D/Paper2D/Content/PlaceholderTextures/DummySpriteTexture.uexp" 335
"../../../Engine/Plugins/2D/Paper2D/Content/DefaultSpriteMaterial.uasset" 336
"../../../Engine/Plugins/2D/Paper2D/Content/DefaultSpriteMaterial.uexp" 337
"../../../Engine/Plugins/2D/Paper2D/Content/OpaqueUnlitSpriteMaterial.uasset" 338
"../../../Engine/Plugins/2D/Paper2D/Content/OpaqueUnlitSpriteMaterial.uexp" 339
"../../../Engine/Plugins/2D/Paper2D/Content/MaskedUnlitSpriteMaterial.uasset" 340
"../../../Engine/Plugins/2D/Paper2D/Content/MaskedUnlitSpriteMaterial.uexp" 341
"../../../Engine/Plugins/2D/Paper2D/Content/DummySprite.uasset" 342
"../../../Engine/Plugins/2D/Paper2D/Content/DummySprite.uexp" 343
"../../../Engine/Plugins/2D/Paper2D/Content/DefaultPaperTerrainMaterial.uasset" 344
"../../../Engine/Plugins/2D/Paper2D/Content/DefaultPaperTerrainMaterial.uexp" 345
"../../../Engine/Content/VREditor/TransformGizmo/StartRotationHandleIndicator.ubulk" 346
"../../../Engine/Content/VREditor/TransformGizmo/StartRotationHandleIndicator.uasset" 347
"../../../Engine/Content/VREditor/TransformGizmo/StartRotationHandleIndicator.uexp" 348
"../../../Engine/Content/VREditor/Sounds/UI/Drop_Item_From_ContentBrowser.ubulk" 349
"../../../Engine/Content/VREditor/Sounds/UI/Drop_Item_From_ContentBrowser.uasset" 350
"../../../Engine/Content/VREditor/Sounds/UI/Drop_Item_From_ContentBrowser.uexp" 351
"../../../Engine/Content/VREditor/TransformGizmo/PlaneTranslationHandle.ubulk" 352
"../../../Engine/Content/VREditor/TransformGizmo/PlaneTranslationHandle.uasset" 353
"../../../Engine/Content/VREditor/TransformGizmo/PlaneTranslationHandle.uexp" 354
"../../../Engine/Content/VREditor/Sounds/UI/Object_Snaps_To_Grid.ubulk" 355
"../../../Engine/Content/VREditor/Sounds/UI/Object_Snaps_To_Grid.uasset" 356
"../../../Engine/Content/VREditor/Sounds/UI/Object_Snaps_To_Grid.uexp" 357
"../../../Engine/Content/VREditor/Sounds/UI/Selection_Changes.ubulk" 358
"../../../Engine/Content/VREditor/Sounds/UI/Selection_Changes.uasset" 359
"../../../Engine/Content/VREditor/Sounds/UI/Selection_Changes.uexp" 360
"../../../Engine/Content/VREditor/Sounds/UI/Object_Snaps_To_Another_Actor.ubulk" 361
"../../../Engine/Content/VREditor/Sounds/UI/Object_Snaps_To_Another_Actor.uasset" 362
"../../../Engine/Content/VREditor/Sounds/UI/Object_Snaps_To_Another_Actor.uexp" 363
"../../../Engine/Content/VREditor/TransformGizmo/TranslucentTransformGizmoMaterial_Inst.uasset" 364
"../../../Engine/Content/VREditor/TransformGizmo/TranslucentTransformGizmoMaterial_Inst.uexp" 365
"../../../Engine/Content/VREditor/TransformGizmo/TransformGizmoFreeRotation.ubulk" 366
"../../../Engine/Content/VREditor/TransformGizmo/TransformGizmoFreeRotation.uasset" 367
"../../../Engine/Content/VREditor/TransformGizmo/TransformGizmoFreeRotation.uexp" 368
"../../../Engine/Content/VREditor/Sounds/UI/Scaling_Down.ubulk" 369
"../../../Engine/Content/VREditor/Sounds/UI/Scaling_Down.uasset" 370
"../../../Engine/Content/VREditor/Sounds/UI/Scaling_Down.uexp" 371
"../../../Engine/Content/Functions/Engine_MaterialFunctions02/Math/Transform3x3Matrix.uasset" 372
"../../../Engine/Content/Functions/Engine_MaterialFunctions02/Math/Transform3x3Matrix.uexp" 373
"../../../Engine/Content/Functions/Engine_MaterialFunctions02/SplitComponents.uasset" 374
"../../../Engine/Content/Functions/Engine_MaterialFunctions02/SplitComponents.uexp" 375
"../../../Engine/Content/Functions/Engine_MaterialFunctions02/Utility/MakeFloat3.uasset" 376
"../../../Engine/Content/Functions/Engine_MaterialFunctions02/Utility/MakeFloat3.uexp" 377
"../../../Engine/Content/VREditor/SnapGrid/SnapGridMaterial.uasset" 378
"../../../Engine/Content/VREditor/SnapGrid/SnapGridMaterial.uexp" 379
"../../../Engine/Content/VREditor/SnapGrid/SnapGridPlaneMesh.ubulk" 380
"../../../Engine/Content/VREditor/SnapGrid/SnapGridPlaneMesh.uasset" 381
"../../../Engine/Content/VREditor/SnapGrid/SnapGridPlaneMesh.uexp" 382
"../../../Engine/Content/VREditor/Sounds/UI/Scaling_Up.ubulk" 383
"../../../Engine/Content/VREditor/Sounds/UI/Scaling_Up.uasset" 384
"../../../Engine/Content/VREditor/Sounds/UI/Scaling_Up.uexp" 385
"../../../Engine/Content/VREditor/TransformGizmo/TransformGizmoMaterial_Inst.uasset" 386
"../../../Engine/Content/VREditor/TransformGizmo/TransformGizmoMaterial_Inst.uexp" 387
"../../../Engine/Content/VREditor/Sounds/UI/Gizmo_Handle_Clicked.ubulk" 388
"../../../Engine/Content/VREditor/Sounds/UI/Gizmo_Handle_Clicked.uasset" 389
"../../../Engine/Content/VREditor/Sounds/UI/Gizmo_Handle_Clicked.uexp" 390
"../../../Engine/Content/VREditor/TransformGizmo/RotationHandleQuarter.ubulk" 391
"../../../Engine/Content/VREditor/TransformGizmo/RotationHandleQuarter.uasset" 392
"../../../Engine/Content/VREditor/TransformGizmo/RotationHandleQuarter.uexp" 393
"../../../Engine/Content/VREditor/TransformGizmo/TranslateArrowHandle.ubulk" 394
"../../../Engine/Content/VREditor/TransformGizmo/TranslateArrowHandle.uasset" 395
"../../../Engine/Content/VREditor/TransformGizmo/TranslateArrowHandle.uexp" 396
"../../../Engine/Content/VREditor/TransformGizmo/RotationHandleIndicator.ubulk" 397
"../../../Engine/Content/VREditor/TransformGizmo/RotationHandleIndicator.uasset" 398
"../../../Engine/Content/VREditor/TransformGizmo/RotationHandleIndicator.uexp" 399
"../../../Engine/Content/VREditor/TransformGizmo/UniformScaleHandle.ubulk" 400
"../../../Engine/Content/VREditor/TransformGizmo/UniformScaleHandle.uasset" 401
"../../../Engine/Content/VREditor/TransformGizmo/UniformScaleHandle.uexp" 402
"../../../Engine/Content/VREditor/TransformGizmo/RotationHandleFull.ubulk" 403
"../../../Engine/Content/VREditor/TransformGizmo/RotationHandleFull.uasset" 404
"../../../Engine/Content/VREditor/TransformGizmo/RotationHandleFull.uexp" 405
"../../../Engine/Content/VREditor/Sounds/UI/Object_PickUp.ubulk" 406
"../../../Engine/Content/VREditor/Sounds/UI/Object_PickUp.uasset" 407
"../../../Engine/Content/VREditor/Sounds/UI/Object_PickUp.uexp" 408
"../../../Engine/Content/EngineSounds/Master.uasset" 409
"../../../Engine/Content/EngineSounds/Master.uexp" 410
"../../../Engine/Content/EngineResources/WhiteSquareTexture.uasset" 411
"../../../Engine/Content/EngineResources/WhiteSquareTexture.uexp" 412
"../../../Engine/Content/EngineMaterials/Widget3DPassThrough.uasset" 413
"../../../Engine/Content/EngineMaterials/Widget3DPassThrough.uexp" 414
"../../../Engine/Content/EngineMaterials/Widget3DPassThrough_Translucent.uasset" 415
"../../../Engine/Content/EngineMaterials/Widget3DPassThrough_Translucent.uexp" 416
"../../../Engine/Content/EngineMaterials/Widget3DPassThrough_Translucent_OneSided.uasset" 417
"../../../Engine/Content/EngineMaterials/Widget3DPassThrough_Translucent_OneSided.uexp" 418
"../../../Engine/Content/EngineMaterials/Widget3DPassThrough_Opaque.uasset" 419
"../../../Engine/Content/EngineMaterials/Widget3DPassThrough_Opaque.uexp" 420
"../../../Engine/Content/EngineMaterials/Widget3DPassThrough_Opaque_OneSided.uasset" 421
"../../../Engine/Content/EngineMaterials/Widget3DPassThrough_Opaque_OneSided.uexp" 422
"../../../Engine/Content/EngineMaterials/Widget3DPassThrough_Masked_OneSided.uasset" 423
"../../../Engine/Content/EngineMaterials/Widget3DPassThrough_Masked_OneSided.uexp" 424
"../../../Engine/Content/EngineMaterials/Widget3DPassThrough_Masked.uasset" 425
"../../../Engine/Content/EngineMaterials/Widget3DPassThrough_Masked.uexp" 426
"../../../Engine/Content/EngineMaterials/STBlueNoise_vec2_128x128x64.uasset" 427
"../../../Engine/Content/EngineMaterials/STBlueNoise_vec2_128x128x64.uexp" 428
"../../../Engine/Content/EngineMaterials/STBlueNoise_scalar_128x128x64.uasset" 429
"../../../Engine/Content/EngineMaterials/STBlueNoise_scalar_128x128x64.uexp" 430
"../../../Engine/Content/EngineMaterials/RemoveSurfaceMaterial.uasset" 431
"../../../Engine/Content/EngineMaterials/RemoveSurfaceMaterial.uexp" 432
"../../../Engine/Content/EngineMaterials/DefaultCalibrationGrayscale.uasset" 433
"../../../Engine/Content/EngineMaterials/DefaultCalibrationGrayscale.uexp" 434
"../../../Engine/Content/EngineMaterials/PPM_DefaultCalibrationGrayscale.uasset" 435
"../../../Engine/Content/EngineMaterials/PPM_DefaultCalibrationGrayscale.uexp" 436
"../../../Engine/Content/EngineMaterials/DefaultCalibrationColor.uasset" 437
"../../../Engine/Content/EngineMaterials/DefaultCalibrationColor.uexp" 438
"../../../Engine/Content/EngineMaterials/PPM_DefaultCalibrationColor.uasset" 439
"../../../Engine/Content/EngineMaterials/PPM_DefaultCalibrationColor.uexp" 440
"../../../Engine/Content/EngineMaterials/PhAT_JointLimitMaterial.uasset" 441
"../../../Engine/Content/EngineMaterials/PhAT_JointLimitMaterial.uexp" 442
"../../../Engine/Content/EngineMaterials/NaniteHiddenSectionMaterial.uasset" 443
"../../../Engine/Content/EngineMaterials/NaniteHiddenSectionMaterial.uexp" 444
"../../../Engine/Content/EngineMaterials/InvalidLightmapSettings.ubulk" 445
"../../../Engine/Content/EngineMaterials/InvalidLightmapSettings.uasset" 446
"../../../Engine/Content/EngineMaterials/InvalidLightmapSettings.uexp" 447
"../../../Engine/Content/EngineMaterials/M_InvalidLightmapSettings.uasset" 448
"../../../Engine/Content/EngineMaterials/M_InvalidLightmapSettings.uexp" 449
"../../../Engine/Content/EngineMaterials/GizmoMaterial.uasset" 450
"../../../Engine/Content/EngineMaterials/GizmoMaterial.uexp" 451
"../../../Engine/Content/EngineMaterials/BaseFlattenEmissiveMap_VT.uasset" 452
"../../../Engine/Content/EngineMaterials/BaseFlattenEmissiveMap_VT.uexp" 453
"../../../Engine/Content/EngineMaterials/BaseFlattenGrayscaleMap_VT.uasset" 454
"../../../Engine/Content/EngineMaterials/BaseFlattenGrayscaleMap_VT.uexp" 455
"../../../Engine/Content/EngineMaterials/BaseFlattenLinearColor_VT.uasset" 456
"../../../Engine/Content/EngineMaterials/BaseFlattenLinearColor_VT.uexp" 457
"../../../Engine/Content/EngineMaterials/Black_1x1_EXR_Texture_VT.uasset" 458
"../../../Engine/Content/EngineMaterials/Black_1x1_EXR_Texture_VT.uexp" 459
"../../../Engine/Content/EngineMaterials/BaseFlattenDiffuseMap_VT.uasset" 460
"../../../Engine/Content/EngineMaterials/BaseFlattenDiffuseMap_VT.uexp" 461
"../../../Engine/Content/EngineMaterials/BaseFlattenNormalMap_VT.uasset" 462
"../../../Engine/Content/EngineMaterials/BaseFlattenNormalMap_VT.uexp" 463
"../../../Engine/Content/EngineMaterials/FlattenMaterial_WS_Normal_VT.uasset" 464
"../../../Engine/Content/EngineMaterials/FlattenMaterial_WS_Normal_VT.uexp" 465
"../../../Engine/Content/EngineMaterials/FlattenMaterial_VT.uasset" 466
"../../../Engine/Content/EngineMaterials/FlattenMaterial_VT.uexp" 467
"../../../Engine/Content/EngineMaterials/BaseFlattenNormalMap.uasset" 468
"../../../Engine/Content/EngineMaterials/BaseFlattenNormalMap.uexp" 469
"../../../Engine/Content/EngineMaterials/BaseFlattenGrayscaleMap.uasset" 470
"../../../Engine/Content/EngineMaterials/BaseFlattenGrayscaleMap.uexp" 471
"../../../Engine/Content/EngineMaterials/BaseFlattenDiffuseMap.uasset" 472
"../../../Engine/Content/EngineMaterials/BaseFlattenDiffuseMap.uexp" 473
"../../../Engine/Content/Functions/Engine_MaterialFunctions02/PivotPainter2/Black_1x1_EXR_Texture.uasset" 474
"../../../Engine/Content/Functions/Engine_MaterialFunctions02/PivotPainter2/Black_1x1_EXR_Texture.uexp" 475
"../../../Engine/Content/EngineMaterials/BaseFlattenEmissiveMap.uasset" 476
"../../../Engine/Content/EngineMaterials/BaseFlattenEmissiveMap.uexp" 477
"../../../Engine/Content/EngineMaterials/BaseFlattenLinearColor.uasset" 478
"../../../Engine/Content/EngineMaterials/BaseFlattenLinearColor.uexp" 479
"../../../Engine/Content/EngineMaterials/FlattenMaterial.uasset" 480
"../../../Engine/Content/EngineMaterials/FlattenMaterial.uexp" 481
"../../../Engine/Content/EngineMaterials/DefaultWhiteGrid_Low.uasset" 482
"../../../Engine/Content/EngineMaterials/DefaultWhiteGrid_Low.uexp" 483
"../../../Engine/Content/EngineMaterials/EmissiveMeshMaterial.uasset" 484
"../../../Engine/Content/EngineMaterials/EmissiveMeshMaterial.uexp" 485
"../../../Engine/Content/EngineFonts/RobotoDistanceField.uasset" 486
"../../../Engine/Content/EngineFonts/RobotoDistanceField.uexp" 487
"../../../Engine/Content/EngineMaterials/DefaultTextMaterialOpaque.uasset" 488
"../../../Engine/Content/EngineMaterials/DefaultTextMaterialOpaque.uexp" 489
"../../../Engine/Content/EngineMaterials/DefaultDiffuse.ubulk" 490
"../../../Engine/Content/EngineMaterials/DefaultDiffuse.uasset" 491
"../../../Engine/Content/EngineMaterials/DefaultDiffuse.uexp" 492
"../../../Engine/Content/Functions/Engine_MaterialFunctions02/Utility/BreakOutFloat2Components.uasset" 493
"../../../Engine/Content/Functions/Engine_MaterialFunctions02/Utility/BreakOutFloat2Components.uexp" 494
"../../../Engine/Content/EngineMaterials/DefaultPostProcessMaterial.uasset" 495
"../../../Engine/Content/EngineMaterials/DefaultPostProcessMaterial.uexp" 496
"../../../Engine/Content/EngineMaterials/DefaultPhysicalMaterial.uasset" 497
"../../../Engine/Content/EngineMaterials/DefaultPhysicalMaterial.uexp" 498
"../../../Engine/Content/EngineMaterials/DefaultLightFunctionMaterial.uasset" 499
"../../../Engine/Content/EngineMaterials/DefaultLightFunctionMaterial.uexp" 500
"../../../Engine/Content/EngineMaterials/DefaultDestructiblePhysicalMaterial.uasset" 501
"../../../Engine/Content/EngineMaterials/DefaultDestructiblePhysicalMaterial.uexp" 502
"../../../Engine/Content/EngineMaterials/DefaultDeferredDecalMaterial.uasset" 503
"../../../Engine/Content/EngineMaterials/DefaultDeferredDecalMaterial.uexp" 504
"../../../Engine/Content/EngineMaterials/DefaultBloomKernel.uasset" 505
"../../../Engine/Content/EngineMaterials/DefaultBloomKernel.uexp" 506
"../../../Engine/Content/EngineFonts/Faces/RobotoLight.uexp" 507
"../../../Engine/Content/EngineFonts/Faces/RobotoLight.uasset" 508
"../../../Engine/Content/EngineFonts/Faces/RobotoLight.ufont" 509
"../../../Engine/Content/EngineFonts/Faces/RobotoBold.uexp" 510
"../../../Engine/Content/EngineFonts/Faces/RobotoBold.uasset" 511
"../../../Engine/Content/EngineFonts/Faces/RobotoBold.ufont" 512
"../../../Engine/Content/EngineFonts/Faces/RobotoRegular.uexp" 513
"../../../Engine/Content/EngineFonts/Faces/RobotoRegular.uasset" 514
"../../../Engine/Content/EngineFonts/Faces/RobotoRegular.ufont" 515
"../../../Engine/Content/EngineFonts/Faces/DroidSansFallback.uexp" 516
"../../../Engine/Content/EngineFonts/Faces/DroidSansFallback.uasset" 517
"../../../Engine/Content/EngineFonts/Faces/DroidSansFallback.ufont" 518
"../../../Engine/Content/EngineFonts/Faces/RobotoItalic.uexp" 519
"../../../Engine/Content/EngineFonts/Faces/RobotoItalic.uasset" 520
"../../../Engine/Content/EngineFonts/Faces/RobotoItalic.ufont" 521
"../../../Engine/Content/EngineFonts/Faces/RobotoBoldItalic.uexp" 522
"../../../Engine/Content/EngineFonts/Faces/RobotoBoldItalic.uasset" 523
"../../../Engine/Content/EngineFonts/Faces/RobotoBoldItalic.ufont" 524
"../../../Engine/Content/EngineFonts/Roboto.uasset" 525
"../../../Engine/Content/EngineFonts/Roboto.uexp" 526
"../../../Engine/Content/EngineDebugMaterials/VolumeToRender.uasset" 527
"../../../Engine/Content/EngineDebugMaterials/VolumeToRender.uexp" 528
"../../../Engine/Content/EngineDebugMaterials/M_VolumeRenderSphereTracePP.uasset" 529
"../../../Engine/Content/EngineDebugMaterials/M_VolumeRenderSphereTracePP.uexp" 530
"../../../Engine/Content/EngineDebugMaterials/M_SimpleUnlitTranslucent.uasset" 531
"../../../Engine/Content/EngineDebugMaterials/M_SimpleUnlitTranslucent.uexp" 532
"../../../Engine/Content/EngineDebugMaterials/DebugMeshMaterial.uasset" 533
"../../../Engine/Content/EngineDebugMaterials/DebugMeshMaterial.uexp" 534
"../../../Engine/Content/EngineDebugMaterials/DebugEditorMaterial.uasset" 535
"../../../Engine/Content/EngineDebugMaterials/DebugEditorMaterial.uexp" 536
"../../../Engine/Content/EngineDamageTypes/DmgTypeBP_Environmental.uasset" 537
"../../../Engine/Content/EngineDamageTypes/DmgTypeBP_Environmental.uexp" 538
"../../../Engine/Content/EditorResources/S_Terrain.ubulk" 539
"../../../Engine/Content/EditorResources/S_Terrain.uasset" 540
"../../../Engine/Content/EditorResources/S_Terrain.uexp" 541
"../../../Engine/Content/EditorResources/EmptyActor.uasset" 542
"../../../Engine/Content/EditorResources/EmptyActor.uexp" 543
"../../../Engine/Content/EditorResources/BSPVertex.uasset" 544
"../../../Engine/Content/EditorResources/BSPVertex.uexp" 545
"../../../Engine/Content/EditorMaterials/PreviewShadowIndicator.ubulk" 546
"../../../Engine/Content/EditorMaterials/PreviewShadowIndicator.uasset" 547
"../../../Engine/Content/EditorMaterials/PreviewShadowIndicator.uexp" 548
"../../../Engine/Content/EditorMaterials/PreviewShadowIndicatorMaterial.uasset" 549
"../../../Engine/Content/EditorMaterials/PreviewShadowIndicatorMaterial.uexp" 550
"../../../Engine/Content/EditorMaterials/PhAT_UnselectedMaterial.uasset" 551
"../../../Engine/Content/EditorMaterials/PhAT_UnselectedMaterial.uexp" 552
"../../../Engine/Content/EditorMaterials/PhAT_NoCollisionMaterial.uasset" 553
"../../../Engine/Content/EditorMaterials/PhAT_NoCollisionMaterial.uexp" 554
"../../../Engine/Content/EditorLandscapeResources/DefaultAlphaTexture.uasset" 555
"../../../Engine/Content/EditorLandscapeResources/DefaultAlphaTexture.uexp" 556
"../../../Engine/Content/EditorLandscapeResources/DataLayer.uasset" 557
"../../../Engine/Content/EditorLandscapeResources/DataLayer.uexp" 558
"../../../Engine/Content/EngineMaterials/DefaultMaterial.uasset" 559
"../../../Engine/Content/EngineMaterials/DefaultMaterial.uexp" 560
"../../../Engine/Content/BasicShapes/Sphere.ubulk" 561
"../../../Engine/Content/BasicShapes/Sphere.uasset" 562
"../../../Engine/Content/BasicShapes/Sphere.uexp" 563
"../../../Engine/Content/BasicShapes/Plane.ubulk" 564
"../../../Engine/Content/BasicShapes/Plane.uasset" 565
"../../../Engine/Content/BasicShapes/Plane.uexp" 566
"../../../Engine/Content/BasicShapes/Cylinder.ubulk" 567
"../../../Engine/Content/BasicShapes/Cylinder.uasset" 568
"../../../Engine/Content/BasicShapes/Cylinder.uexp" 569
"../../../Engine/Content/BasicShapes/Cube.ubulk" 570
"../../../Engine/Content/BasicShapes/Cube.uasset" 571
"../../../Engine/Content/BasicShapes/Cube.uexp" 572
"../../../Engine/Content/BasicShapes/Cone.ubulk" 573
"../../../Engine/Content/BasicShapes/Cone.uasset" 574
"../../../Engine/Content/BasicShapes/Cone.uexp" 575
"../../../Engine/Content/BasicShapes/BasicShapeMaterial.uasset" 576
"../../../Engine/Content/BasicShapes/BasicShapeMaterial.uexp" 577
"../../../Engine/Content/Animation/DefaultRecorderBoneCompression.uasset" 578
"../../../Engine/Content/Animation/DefaultRecorderBoneCompression.uexp" 579
"../../../Engine/Content/Functions/Engine_MaterialFunctions02/Math/AddComponents.uasset" 580
"../../../Engine/Content/Functions/Engine_MaterialFunctions02/Math/AddComponents.uexp" 581
"../../../Engine/Content/Functions/Engine_MaterialFunctions01/Texturing/FlattenNormal.uasset" 582
"../../../Engine/Content/Functions/Engine_MaterialFunctions01/Texturing/FlattenNormal.uexp" 583
"../../../Engine/Content/MobileResources/HUD/VirtualJoystick_Background.uasset" 584
"../../../Engine/Content/MobileResources/HUD/VirtualJoystick_Background.uexp" 585
"../../../Engine/Content/MobileResources/HUD/VirtualJoystick_Thumb.uasset" 586
"../../../Engine/Content/MobileResources/HUD/VirtualJoystick_Thumb.uexp" 587
"../../../Engine/Content/MobileResources/HUD/DefaultVirtualJoysticks.uasset" 588
"../../../Engine/Content/MobileResources/HUD/DefaultVirtualJoysticks.uexp" 589
"../../../Engine/Content/EngineSky/VolumetricClouds/CloudWeatherTexture.uasset" 590
"../../../Engine/Content/EngineSky/VolumetricClouds/CloudWeatherTexture.uexp" 591
"../../../Engine/Content/Functions/Engine_MaterialFunctions02/Utility/MakeFloat2.uasset" 592
"../../../Engine/Content/Functions/Engine_MaterialFunctions02/Utility/MakeFloat2.uexp" 593
"../../../Engine/Content/EngineSky/VolumetricClouds/CloudGradientTexture.uasset" 594
"../../../Engine/Content/EngineSky/VolumetricClouds/CloudGradientTexture.uexp" 595
"../../../Engine/Content/EngineSky/VolumetricClouds/T_NoiseShape64.ubulk" 596
"../../../Engine/Content/EngineSky/VolumetricClouds/T_NoiseShape64.uasset" 597
"../../../Engine/Content/EngineSky/VolumetricClouds/T_NoiseShape64.uexp" 598
"../../../Engine/Content/EngineSky/VolumetricClouds/T_VolumeNoiseShape64.uasset" 599
"../../../Engine/Content/EngineSky/VolumetricClouds/T_VolumeNoiseShape64.uexp" 600
"../../../Engine/Content/EngineSky/VolumetricClouds/T_NoiseErosion.ubulk" 601
"../../../Engine/Content/EngineSky/VolumetricClouds/T_NoiseErosion.uasset" 602
"../../../Engine/Content/EngineSky/VolumetricClouds/T_NoiseErosion.uexp" 603
"../../../Engine/Content/EngineSky/VolumetricClouds/T_VolumeNoiseErosion32.uasset" 604
"../../../Engine/Content/EngineSky/VolumetricClouds/T_VolumeNoiseErosion32.uexp" 605
"../../../Engine/Content/EngineSky/VolumetricClouds/m_SimpleVolumetricCloud.uasset" 606
"../../../Engine/Content/EngineSky/VolumetricClouds/m_SimpleVolumetricCloud.uexp" 607
"../../../Engine/Content/EngineSky/VolumetricClouds/m_SimpleVolumetricCloud_Inst.uasset" 608
"../../../Engine/Content/EngineSky/VolumetricClouds/m_SimpleVolumetricCloud_Inst.uexp" 609
"../../../Engine/Content/EngineResources/FilmGrains/Marcie_Grain_v3_128_M2_000.uasset" 610
"../../../Engine/Content/EngineResources/FilmGrains/Marcie_Grain_v3_128_M2_000.uexp" 611
"../../../Engine/Content/EditorResources/SequenceRecorder/RecordingIndicator.uasset" 612
"../../../Engine/Content/EditorResources/SequenceRecorder/RecordingIndicator.uexp" 613
"../../../Engine/Content/EditorResources/SequenceRecorder/Countdown.uasset" 614
"../../../Engine/Content/EditorResources/SequenceRecorder/Countdown.uexp" 615
"../../../Engine/Content/EditorMaterials/Dataflow/DataflowVertexMaterial.uasset" 616
"../../../Engine/Content/EditorMaterials/Dataflow/DataflowVertexMaterial.uexp" 617
"../../../Engine/Content/Functions/Engine_MaterialFunctions01/Shading/PowerToRoughness.uasset" 618
"../../../Engine/Content/Functions/Engine_MaterialFunctions01/Shading/PowerToRoughness.uexp" 619
"../../../Engine/Content/Functions/Engine_MaterialFunctions01/Shading/ConvertFromDiffSpec.uasset" 620
"../../../Engine/Content/Functions/Engine_MaterialFunctions01/Shading/ConvertFromDiffSpec.uexp" 621
"../../../Engine/Content/EngineMaterials/Substrate/Volume/SubstrateSimpleVolumeLUT3D.uasset" 622
"../../../Engine/Content/EngineMaterials/Substrate/Volume/SubstrateSimpleVolumeLUT3D.uexp" 623
"../../../Engine/Content/EngineMaterials/Substrate/Volume/SubstrateSimpleVolumeEnvLUT3D.uasset" 624
"../../../Engine/Content/EngineMaterials/Substrate/Volume/SubstrateSimpleVolumeEnvLUT3D.uexp" 625
"../../../Engine/Content/EngineMaterials/Substrate/GLints2/AGlintTex2dArray2.uasset" 626
"../../../Engine/Content/EngineMaterials/Substrate/GLints2/AGlintTex2dArray2.uexp" 627
"C:/Users/SDI/Documents/Repo/Playable-Portfolio/Content/LevelPrototyping/Textures/T_GridChecker_A.ubulk" 628
"C:/Users/SDI/Documents/Repo/Playable-Portfolio/Content/LevelPrototyping/Textures/T_GridChecker_A.uasset" 629
"C:/Users/SDI/Documents/Repo/Playable-Portfolio/Content/LevelPrototyping/Textures/T_GridChecker_A.uexp" 630
"../../../Engine/Content/Functions/Engine_MaterialFunctions01/Gradient/LinearGradient.uasset" 631
"../../../Engine/Content/Functions/Engine_MaterialFunctions01/Gradient/LinearGradient.uexp" 632
"../../../Engine/Content/Functions/Engine_MaterialFunctions01/ImageAdjustment/CheapContrast.uasset" 633
"../../../Engine/Content/Functions/Engine_MaterialFunctions01/ImageAdjustment/CheapContrast.uexp" 634
"C:/Users/SDI/Documents/Repo/Playable-Portfolio/Content/LevelPrototyping/Materials/MF_ProcGrid.uasset" 635
"C:/Users/SDI/Documents/Repo/Playable-Portfolio/Content/LevelPrototyping/Materials/MF_ProcGrid.uexp" 636
"C:/Users/SDI/Documents/Repo/Playable-Portfolio/Content/LevelPrototyping/Materials/M_PrototypeGrid.uasset" 637
"C:/Users/SDI/Documents/Repo/Playable-Portfolio/Content/LevelPrototyping/Materials/M_PrototypeGrid.uexp" 638
"C:/Users/SDI/Documents/Repo/Playable-Portfolio/Content/LevelPrototyping/Materials/MI_PrototypeGrid_Gray.uasset" 639
"C:/Users/SDI/Documents/Repo/Playable-Portfolio/Content/LevelPrototyping/Materials/MI_PrototypeGrid_Gray.uexp" 640
"C:/Users/SDI/Documents/Repo/Playable-Portfolio/Content/LevelPrototyping/Meshes/SM_Cube.ubulk" 641
"C:/Users/SDI/Documents/Repo/Playable-Portfolio/Content/LevelPrototyping/Meshes/SM_Cube.uasset" 642
"C:/Users/SDI/Documents/Repo/Playable-Portfolio/Content/LevelPrototyping/Meshes/SM_Cube.uexp" 643
"../../../Engine/Content/EngineMaterials/Substrate/GLints/AGlintTex2dArray.uasset" 644
"../../../Engine/Content/EngineMaterials/Substrate/GLints/AGlintTex2dArray.uexp" 645
"../../../Engine/Content/Maps/Entry_BuiltData.uasset" 646
"../../../Engine/Content/Maps/Entry_BuiltData.uexp" 647
"../../../Engine/Content/Maps/Entry.uexp" 648
"../../../Engine/Content/Maps/Entry.umap" 649
"../../../Engine/Plugins/Animation/ACLPlugin/Content/ACLAnimBoneCompressionSettings.uasset" 650
"../../../Engine/Plugins/Animation/ACLPlugin/Content/ACLAnimBoneCompressionSettings.uexp" 651
"../../../Engine/Content/Animation/DefaultVariableFrameStrippingSettings.uasset" 652
"../../../Engine/Content/Animation/DefaultVariableFrameStrippingSettings.uexp" 653
"C:/Users/SDI/Documents/Repo/Playable-Portfolio/Content/AxeThrow/Animations/Mixamo_Quinn_Skeleton.uasset" 654
"C:/Users/SDI/Documents/Repo/Playable-Portfolio/Content/AxeThrow/Animations/Mixamo_Quinn_Skeleton.uexp" 655
"../../../Engine/Plugins/Animation/ACLPlugin/Content/ACLAnimCurveCompressionSettings.uasset" 656
"../../../Engine/Plugins/Animation/ACLPlugin/Content/ACLAnimCurveCompressionSettings.uexp" 657
"C:/Users/SDI/Documents/Repo/Playable-Portfolio/Content/AxeThrow/Animations/Sequences/Quinn_Aiming.uasset" 658
"C:/Users/SDI/Documents/Repo/Playable-Portfolio/Content/AxeThrow/Animations/Sequences/Quinn_Aiming.uexp" 659
"C:/Users/SDI/Documents/Repo/Playable-Portfolio/Content/AxeThrow/Animations/Sequences/Quinn_Idle.uasset" 660
"C:/Users/SDI/Documents/Repo/Playable-Portfolio/Content/AxeThrow/Animations/Sequences/Quinn_Idle.uexp" 661
"C:/Users/SDI/Documents/Repo/Playable-Portfolio/Content/AxeThrow/Animations/Sequences/Quinn_Equip.uasset" 662
"C:/Users/SDI/Documents/Repo/Playable-Portfolio/Content/AxeThrow/Animations/Sequences/Quinn_Equip.uexp" 663
"C:/Users/SDI/Documents/Repo/Playable-Portfolio/Content/AxeThrow/Animations/Sequences/Quinn_Throw.uasset" 664
"C:/Users/SDI/Documents/Repo/Playable-Portfolio/Content/AxeThrow/Animations/Sequences/Quinn_Throw.uexp" 665
"C:/Users/SDI/Documents/Repo/Playable-Portfolio/Content/AxeThrow/Animations/Sequences/Quinn_Right_Strafe_Walk.uasset" 666
"C:/Users/SDI/Documents/Repo/Playable-Portfolio/Content/AxeThrow/Animations/Sequences/Quinn_Right_Strafe_Walk.uexp" 667
"C:/Users/SDI/Documents/Repo/Playable-Portfolio/Content/AxeThrow/Animations/Sequences/Quinn_Forward.uasset" 668
"C:/Users/SDI/Documents/Repo/Playable-Portfolio/Content/AxeThrow/Animations/Sequences/Quinn_Forward.uexp" 669
"C:/Users/SDI/Documents/Repo/Playable-Portfolio/Content/AxeThrow/Animations/Sequences/Quinn_Strafe_Right.uasset" 670
"C:/Users/SDI/Documents/Repo/Playable-Portfolio/Content/AxeThrow/Animations/Sequences/Quinn_Strafe_Right.uexp" 671
"C:/Users/SDI/Documents/Repo/Playable-Portfolio/Content/AxeThrow/Animations/Sequences/Quinn_Walk_Backwards.uasset" 672
"C:/Users/SDI/Documents/Repo/Playable-Portfolio/Content/AxeThrow/Animations/Sequences/Quinn_Walk_Backwards.uexp" 673
"C:/Users/SDI/Documents/Repo/Playable-Portfolio/Content/AxeThrow/Animations/Sequences/Quinn_Backward.uasset" 674
"C:/Users/SDI/Documents/Repo/Playable-Portfolio/Content/AxeThrow/Animations/Sequences/Quinn_Backward.uexp" 675
"C:/Users/SDI/Documents/Repo/Playable-Portfolio/Content/AxeThrow/Animations/Sequences/Quinn_Left_Strafe_Walk.uasset" 676
"C:/Users/SDI/Documents/Repo/Playable-Portfolio/Content/AxeThrow/Animations/Sequences/Quinn_Left_Strafe_Walk.uexp" 677
"C:/Users/SDI/Documents/Repo/Playable-Portfolio/Content/AxeThrow/Animations/Sequences/Quinn_Strafe_Left.uasset" 678
"C:/Users/SDI/Documents/Repo/Playable-Portfolio/Content/AxeThrow/Animations/Sequences/Quinn_Strafe_Left.uexp" 679
"C:/Users/SDI/Documents/Repo/Playable-Portfolio/Content/AxeThrow/Animations/Sequences/Quinn_Walking.uasset" 680
"C:/Users/SDI/Documents/Repo/Playable-Portfolio/Content/AxeThrow/Animations/Sequences/Quinn_Walking.uexp" 681
"C:/Users/SDI/Documents/Repo/Playable-Portfolio/Content/AxeThrow/Animations/Sequences/Quinn_BlendSpace.uasset" 682
"C:/Users/SDI/Documents/Repo/Playable-Portfolio/Content/AxeThrow/Animations/Sequences/Quinn_BlendSpace.uexp" 683
"C:/Users/SDI/Documents/Repo/Playable-Portfolio/Content/AxeThrow/Animations/Mixamo_Quinn_Skeleton_AnimBlueprint.uasset" 684
"C:/Users/SDI/Documents/Repo/Playable-Portfolio/Content/AxeThrow/Animations/Mixamo_Quinn_Skeleton_AnimBlueprint.uexp" 685
"../../../Engine/Content/EngineResources/Black.uasset" 686
"../../../Engine/Content/EngineResources/Black.uexp" 687
"C:/Users/SDI/Documents/Repo/Playable-Portfolio/Content/InfinityBladeEffects/Effects/Masters/M_Trans_Sprite_SubUV_Master_DepthFade.uasset" 688
"C:/Users/SDI/Documents/Repo/Playable-Portfolio/Content/InfinityBladeEffects/Effects/Masters/M_Trans_Sprite_SubUV_Master_DepthFade.uexp" 689
"C:/Users/SDI/Documents/Repo/Playable-Portfolio/Content/InfinityBladeEffects/Effects/FX_Textures/Smoke/T_Smoke_subUV_01.ubulk" 690
"C:/Users/SDI/Documents/Repo/Playable-Portfolio/Content/InfinityBladeEffects/Effects/FX_Textures/Smoke/T_Smoke_subUV_01.uasset" 691
"C:/Users/SDI/Documents/Repo/Playable-Portfolio/Content/InfinityBladeEffects/Effects/FX_Textures/Smoke/T_Smoke_subUV_01.uexp" 692
"C:/Users/SDI/Documents/Repo/Playable-Portfolio/Content/InfinityBladeEffects/Effects/FX_Materials/Smoke/M_Smoke_02_Trans_6X6_INST.uasset" 693
"C:/Users/SDI/Documents/Repo/Playable-Portfolio/Content/InfinityBladeEffects/Effects/FX_Materials/Smoke/M_Smoke_02_Trans_6X6_INST.uexp" 694
"C:/Users/SDI/Documents/Repo/Playable-Portfolio/Content/InfinityBladeEffects/Effects/FX_Textures/Gradient/T_SwipeTrail_02.ubulk" 695
"C:/Users/SDI/Documents/Repo/Playable-Portfolio/Content/InfinityBladeEffects/Effects/FX_Textures/Gradient/T_SwipeTrail_02.uasset" 696
"C:/Users/SDI/Documents/Repo/Playable-Portfolio/Content/InfinityBladeEffects/Effects/FX_Textures/Gradient/T_SwipeTrail_02.uexp" 697
"C:/Users/SDI/Documents/Repo/Playable-Portfolio/Content/InfinityBladeEffects/Effects/Masters/M_Add_Trail_2Sided_Pan_Emis_Master.uasset" 698
"C:/Users/SDI/Documents/Repo/Playable-Portfolio/Content/InfinityBladeEffects/Effects/Masters/M_Add_Trail_2Sided_Pan_Emis_Master.uexp" 699
"C:/Users/SDI/Documents/Repo/Playable-Portfolio/Content/InfinityBladeEffects/Effects/FX_Textures/Gradient/T_SwipeTrail.uasset" 700
"C:/Users/SDI/Documents/Repo/Playable-Portfolio/Content/InfinityBladeEffects/Effects/FX_Textures/Gradient/T_SwipeTrail.uexp" 701
"C:/Users/SDI/Documents/Repo/Playable-Portfolio/Content/InfinityBladeEffects/Effects/FX_Materials/Trails/M_SwipeTrail_Add_2sided_Base_Pan_INST.uasset" 702
"C:/Users/SDI/Documents/Repo/Playable-Portfolio/Content/InfinityBladeEffects/Effects/FX_Materials/Trails/M_SwipeTrail_Add_2sided_Base_Pan_INST.uexp" 703
"C:/Users/SDI/Documents/Repo/Playable-Portfolio/Content/Niagara/NS_Trail.uasset" 704
"C:/Users/SDI/Documents/Repo/Playable-Portfolio/Content/Niagara/NS_Trail.uexp" 705
"C:/Users/SDI/Documents/Repo/Playable-Portfolio/Content/InfinityBladeWeapons/Weapons/Blade/Axes/Blade_DeadlyAxe/T_Blade_Deadly_Axe2_D.uasset" 706
"C:/Users/SDI/Documents/Repo/Playable-Portfolio/Content/InfinityBladeWeapons/Weapons/Blade/Axes/Blade_DeadlyAxe/T_Blade_Deadly_Axe2_D.uexp" 707
"C:/Users/SDI/Documents/Repo/Playable-Portfolio/Content/InfinityBladeWeapons/Weapons/Blade/Axes/Blade_DeadlyAxe/T_Blade_Deadly_Axe2_M.ubulk" 708
"C:/Users/SDI/Documents/Repo/Playable-Portfolio/Content/InfinityBladeWeapons/Weapons/Blade/Axes/Blade_DeadlyAxe/T_Blade_Deadly_Axe2_M.uasset" 709
"C:/Users/SDI/Documents/Repo/Playable-Portfolio/Content/InfinityBladeWeapons/Weapons/Blade/Axes/Blade_DeadlyAxe/T_Blade_Deadly_Axe2_M.uexp" 710
"C:/Users/SDI/Documents/Repo/Playable-Portfolio/Content/InfinityBladeWeapons/Weapons/Blade/Axes/Blade_DeadlyAxe/T_Blade_Deadly_Axe1_D.uasset" 711
"C:/Users/SDI/Documents/Repo/Playable-Portfolio/Content/InfinityBladeWeapons/Weapons/Blade/Axes/Blade_DeadlyAxe/T_Blade_Deadly_Axe1_D.uexp" 712
"C:/Users/SDI/Documents/Repo/Playable-Portfolio/Content/InfinityBladeWeapons/Weapons/Blade/Axes/Blade_DeadlyAxe/T_Blade_Deadly_Axe1_M.ubulk" 713
"C:/Users/SDI/Documents/Repo/Playable-Portfolio/Content/InfinityBladeWeapons/Weapons/Blade/Axes/Blade_DeadlyAxe/T_Blade_Deadly_Axe1_M.uasset" 714
"C:/Users/SDI/Documents/Repo/Playable-Portfolio/Content/InfinityBladeWeapons/Weapons/Blade/Axes/Blade_DeadlyAxe/T_Blade_Deadly_Axe1_M.uexp" 715
"C:/Users/SDI/Documents/Repo/Playable-Portfolio/Content/InfinityBladeWeapons/Weapons/Blade/Axes/Blade_DeadlyAxe/T_Blade_Deadly_Axe1_N.uasset" 716
"C:/Users/SDI/Documents/Repo/Playable-Portfolio/Content/InfinityBladeWeapons/Weapons/Blade/Axes/Blade_DeadlyAxe/T_Blade_Deadly_Axe1_N.uexp" 717
"C:/Users/SDI/Documents/Repo/Playable-Portfolio/Content/InfinityBladeWeapons/Weapons/Blade/Axes/Blade_DeadlyAxe/T_Blade_Deadly_Axe2_N.uasset" 718
"C:/Users/SDI/Documents/Repo/Playable-Portfolio/Content/InfinityBladeWeapons/Weapons/Blade/Axes/Blade_DeadlyAxe/T_Blade_Deadly_Axe2_N.uexp" 719
"C:/Users/SDI/Documents/Repo/Playable-Portfolio/Content/InfinityBladeWeapons/Weapons/Blade/Axes/Blade_DeadlyAxe/M_Blade_DeadlyAxe.uasset" 720
"C:/Users/SDI/Documents/Repo/Playable-Portfolio/Content/InfinityBladeWeapons/Weapons/Blade/Axes/Blade_DeadlyAxe/M_Blade_DeadlyAxe.uexp" 721
"C:/Users/SDI/Documents/Repo/Playable-Portfolio/Content/InfinityBladeWeapons/Weapons/Blade/Axes/Blade_DeadlyAxe/SK_Blade_DeadlyAxe_Skeleton.uasset" 722
"C:/Users/SDI/Documents/Repo/Playable-Portfolio/Content/InfinityBladeWeapons/Weapons/Blade/Axes/Blade_DeadlyAxe/SK_Blade_DeadlyAxe_Skeleton.uexp" 723
"C:/Users/SDI/Documents/Repo/Playable-Portfolio/Content/InfinityBladeWeapons/Weapons/Blade/Axes/Blade_DeadlyAxe/SK_Blade_DeadlyAxe.uasset" 724
"C:/Users/SDI/Documents/Repo/Playable-Portfolio/Content/InfinityBladeWeapons/Weapons/Blade/Axes/Blade_DeadlyAxe/SK_Blade_DeadlyAxe.uexp" 725
"C:/Users/SDI/Documents/Repo/Playable-Portfolio/Content/AxeThrow/Blueprint/Axe/BP_Axe.uasset" 726
"C:/Users/SDI/Documents/Repo/Playable-Portfolio/Content/AxeThrow/Blueprint/Axe/BP_Axe.uexp" 727
"C:/Users/SDI/Documents/Repo/Playable-Portfolio/Content/AxeThrow/Animations/Mixamo_Quinn_PhysicsAsset.uasset" 728
"C:/Users/SDI/Documents/Repo/Playable-Portfolio/Content/AxeThrow/Animations/Mixamo_Quinn_PhysicsAsset.uexp" 729
"C:/Users/SDI/Documents/Repo/Playable-Portfolio/Content/Characters/Mannequins/Textures/Quinn/T_Quinn_02ID_MSR_MSK.ubulk" 730
"C:/Users/SDI/Documents/Repo/Playable-Portfolio/Content/Characters/Mannequins/Textures/Quinn/T_Quinn_02ID_MSR_MSK.uasset" 731
"C:/Users/SDI/Documents/Repo/Playable-Portfolio/Content/Characters/Mannequins/Textures/Quinn/T_Quinn_02ID_MSR_MSK.uexp" 732
"C:/Users/SDI/Documents/Repo/Playable-Portfolio/Content/Characters/Mannequins/Textures/Quinn/T_Quinn_02ID_BN.ubulk" 733
"C:/Users/SDI/Documents/Repo/Playable-Portfolio/Content/Characters/Mannequins/Textures/Quinn/T_Quinn_02ID_BN.uasset" 734
"C:/Users/SDI/Documents/Repo/Playable-Portfolio/Content/Characters/Mannequins/Textures/Quinn/T_Quinn_02ID_BN.uexp" 735
"C:/Users/SDI/Documents/Repo/Playable-Portfolio/Content/Characters/Mannequins/Textures/Quinn/T_Quinn_02_ASAOMASK_MSK.ubulk" 736
"C:/Users/SDI/Documents/Repo/Playable-Portfolio/Content/Characters/Mannequins/Textures/Quinn/T_Quinn_02_ASAOMASK_MSK.uasset" 737
"C:/Users/SDI/Documents/Repo/Playable-Portfolio/Content/Characters/Mannequins/Textures/Quinn/T_Quinn_02_ASAOMASK_MSK.uexp" 738
"C:/Users/SDI/Documents/Repo/Playable-Portfolio/Content/Characters/Mannequins/Textures/Quinn/T_Quinn_02_CCRCCPlastic_MSK.ubulk" 739
"C:/Users/SDI/Documents/Repo/Playable-Portfolio/Content/Characters/Mannequins/Textures/Quinn/T_Quinn_02_CCRCCPlastic_MSK.uasset" 740
"C:/Users/SDI/Documents/Repo/Playable-Portfolio/Content/Characters/Mannequins/Textures/Quinn/T_Quinn_02_CCRCCPlastic_MSK.uexp" 741
"C:/Users/SDI/Documents/Repo/Playable-Portfolio/Content/StarterContent/Textures/T_Wood_Oak_D.ubulk" 742
"C:/Users/SDI/Documents/Repo/Playable-Portfolio/Content/StarterContent/Textures/T_Wood_Oak_D.uasset" 743
"C:/Users/SDI/Documents/Repo/Playable-Portfolio/Content/StarterContent/Textures/T_Wood_Oak_D.uexp" 744
"C:/Users/SDI/Documents/Repo/Playable-Portfolio/Content/Characters/Mannequins/Textures/Quinn/T_Quinn_02ID_Tan.ubulk" 745
"C:/Users/SDI/Documents/Repo/Playable-Portfolio/Content/Characters/Mannequins/Textures/Quinn/T_Quinn_02ID_Tan.uasset" 746
"C:/Users/SDI/Documents/Repo/Playable-Portfolio/Content/Characters/Mannequins/Textures/Quinn/T_Quinn_02ID_Tan.uexp" 747
"C:/Users/SDI/Documents/Repo/Playable-Portfolio/Content/Characters/Mannequins/Textures/Quinn/T_Quinn_02ID_D.ubulk" 748
"C:/Users/SDI/Documents/Repo/Playable-Portfolio/Content/Characters/Mannequins/Textures/Quinn/T_Quinn_02ID_D.uasset" 749
"C:/Users/SDI/Documents/Repo/Playable-Portfolio/Content/Characters/Mannequins/Textures/Quinn/T_Quinn_02ID_D.uexp" 750
"C:/Users/SDI/Documents/Repo/Playable-Portfolio/Content/Characters/Mannequins/Textures/Quinn/T_Quinn_01ID_MSR_MSK.ubulk" 751
"C:/Users/SDI/Documents/Repo/Playable-Portfolio/Content/Characters/Mannequins/Textures/Quinn/T_Quinn_01ID_MSR_MSK.uasset" 752
"C:/Users/SDI/Documents/Repo/Playable-Portfolio/Content/Characters/Mannequins/Textures/Quinn/T_Quinn_01ID_MSR_MSK.uexp" 753
"C:/Users/SDI/Documents/Repo/Playable-Portfolio/Content/Characters/Mannequins/Materials/Functions/ChromaticCurve.uasset" 754
"C:/Users/SDI/Documents/Repo/Playable-Portfolio/Content/Characters/Mannequins/Materials/Functions/ChromaticCurve.uexp" 755
"C:/Users/SDI/Documents/Repo/Playable-Portfolio/Content/Characters/Mannequins/Materials/Functions/CA_Mannequin.uasset" 756
"C:/Users/SDI/Documents/Repo/Playable-Portfolio/Content/Characters/Mannequins/Materials/Functions/CA_Mannequin.uexp" 757
"C:/Users/SDI/Documents/Repo/Playable-Portfolio/Content/Characters/Mannequins/Materials/Functions/MF_Diffraction.uasset" 758
"C:/Users/SDI/Documents/Repo/Playable-Portfolio/Content/Characters/Mannequins/Materials/Functions/MF_Diffraction.uexp" 759
"C:/Users/SDI/Documents/Repo/Playable-Portfolio/Content/Characters/Mannequins/Textures/Manny/T_Manny_01_N.ubulk" 760
"C:/Users/SDI/Documents/Repo/Playable-Portfolio/Content/Characters/Mannequins/Textures/Manny/T_Manny_01_N.uasset" 761
"C:/Users/SDI/Documents/Repo/Playable-Portfolio/Content/Characters/Mannequins/Textures/Manny/T_Manny_01_N.uexp" 762
"C:/Users/SDI/Documents/Repo/Playable-Portfolio/Content/Characters/Mannequins/Materials/Functions/ML_BaseColorFallOff.uasset" 763
"C:/Users/SDI/Documents/Repo/Playable-Portfolio/Content/Characters/Mannequins/Materials/Functions/ML_BaseColorFallOff.uexp" 764
"../../../Engine/Content/Functions/Engine_MaterialFunctions01/Texturing/ScaleUVsByCenter.uasset" 765
"../../../Engine/Content/Functions/Engine_MaterialFunctions01/Texturing/ScaleUVsByCenter.uexp" 766
"C:/Users/SDI/Documents/Repo/Playable-Portfolio/Content/Characters/Mannequins/Textures/Shared/T_UE_Logo_M.uasset" 767
"C:/Users/SDI/Documents/Repo/Playable-Portfolio/Content/Characters/Mannequins/Textures/Shared/T_UE_Logo_M.uexp" 768
"C:/Users/SDI/Documents/Repo/Playable-Portfolio/Content/Characters/Mannequins/Materials/Functions/MF_logo3layers.uasset" 769
"C:/Users/SDI/Documents/Repo/Playable-Portfolio/Content/Characters/Mannequins/Materials/Functions/MF_logo3layers.uexp" 770
"C:/Users/SDI/Documents/Repo/Playable-Portfolio/Content/Characters/Mannequins/Textures/Manny/T_Manny_01_CCRCCPlastic_MSK.ubulk" 771
"C:/Users/SDI/Documents/Repo/Playable-Portfolio/Content/Characters/Mannequins/Textures/Manny/T_Manny_01_CCRCCPlastic_MSK.uasset" 772
"C:/Users/SDI/Documents/Repo/Playable-Portfolio/Content/Characters/Mannequins/Textures/Manny/T_Manny_01_CCRCCPlastic_MSK.uexp" 773
"C:/Users/SDI/Documents/Repo/Playable-Portfolio/Content/Characters/Mannequins/Textures/Manny/T_Manny_01_ASAOPMASK_MSK.ubulk" 774
"C:/Users/SDI/Documents/Repo/Playable-Portfolio/Content/Characters/Mannequins/Textures/Manny/T_Manny_01_ASAOPMASK_MSK.uasset" 775
"C:/Users/SDI/Documents/Repo/Playable-Portfolio/Content/Characters/Mannequins/Textures/Manny/T_Manny_01_ASAOPMASK_MSK.uexp" 776
"C:/Users/SDI/Documents/Repo/Playable-Portfolio/Content/Characters/Mannequins/Textures/Manny/T_Manny_01_MSR_MSK.ubulk" 777
"C:/Users/SDI/Documents/Repo/Playable-Portfolio/Content/Characters/Mannequins/Textures/Manny/T_Manny_01_MSR_MSK.uasset" 778
"C:/Users/SDI/Documents/Repo/Playable-Portfolio/Content/Characters/Mannequins/Textures/Manny/T_Manny_01_MSR_MSK.uexp" 779
"C:/Users/SDI/Documents/Repo/Playable-Portfolio/Content/Characters/Mannequins/Textures/Manny/T_Manny_01_BN.ubulk" 780
"C:/Users/SDI/Documents/Repo/Playable-Portfolio/Content/Characters/Mannequins/Textures/Manny/T_Manny_01_BN.uasset" 781
"C:/Users/SDI/Documents/Repo/Playable-Portfolio/Content/Characters/Mannequins/Textures/Manny/T_Manny_01_BN.uexp" 782
"C:/Users/SDI/Documents/Repo/Playable-Portfolio/Content/Characters/Mannequins/Textures/Manny/T_Manny_01_D.ubulk" 783
"C:/Users/SDI/Documents/Repo/Playable-Portfolio/Content/Characters/Mannequins/Textures/Manny/T_Manny_01_D.uasset" 784
"C:/Users/SDI/Documents/Repo/Playable-Portfolio/Content/Characters/Mannequins/Textures/Manny/T_Manny_01_D.uexp" 785
"C:/Users/SDI/Documents/Repo/Playable-Portfolio/Content/Characters/Mannequins/Textures/Manny/T_Manny_01_Tan.ubulk" 786
"C:/Users/SDI/Documents/Repo/Playable-Portfolio/Content/Characters/Mannequins/Textures/Manny/T_Manny_01_Tan.uasset" 787
"C:/Users/SDI/Documents/Repo/Playable-Portfolio/Content/Characters/Mannequins/Textures/Manny/T_Manny_01_Tan.uexp" 788
"C:/Users/SDI/Documents/Repo/Playable-Portfolio/Content/Characters/Mannequins/Materials/M_Mannequin.uasset" 789
"C:/Users/SDI/Documents/Repo/Playable-Portfolio/Content/Characters/Mannequins/Materials/M_Mannequin.uexp" 790
"C:/Users/SDI/Documents/Repo/Playable-Portfolio/Content/Characters/Mannequins/Textures/Quinn/T_Quinn_01_ASAOMASK_MSK.ubulk" 791
"C:/Users/SDI/Documents/Repo/Playable-Portfolio/Content/Characters/Mannequins/Textures/Quinn/T_Quinn_01_ASAOMASK_MSK.uasset" 792
"C:/Users/SDI/Documents/Repo/Playable-Portfolio/Content/Characters/Mannequins/Textures/Quinn/T_Quinn_01_ASAOMASK_MSK.uexp" 793
"C:/Users/SDI/Documents/Repo/Playable-Portfolio/Content/Characters/Mannequins/Textures/Quinn/T_Quinn_01ID_N.ubulk" 794
"C:/Users/SDI/Documents/Repo/Playable-Portfolio/Content/Characters/Mannequins/Textures/Quinn/T_Quinn_01ID_N.uasset" 795
"C:/Users/SDI/Documents/Repo/Playable-Portfolio/Content/Characters/Mannequins/Textures/Quinn/T_Quinn_01ID_N.uexp" 796
"C:/Users/SDI/Documents/Repo/Playable-Portfolio/Content/Characters/Mannequins/Textures/Quinn/T_Quinn_01ID_BN.ubulk" 797
"C:/Users/SDI/Documents/Repo/Playable-Portfolio/Content/Characters/Mannequins/Textures/Quinn/T_Quinn_01ID_BN.uasset" 798
"C:/Users/SDI/Documents/Repo/Playable-Portfolio/Content/Characters/Mannequins/Textures/Quinn/T_Quinn_01ID_BN.uexp" 799
"C:/Users/SDI/Documents/Repo/Playable-Portfolio/Content/Characters/Mannequins/Textures/Quinn/T_Quinn_01ID_D.ubulk" 800
"C:/Users/SDI/Documents/Repo/Playable-Portfolio/Content/Characters/Mannequins/Textures/Quinn/T_Quinn_01ID_D.uasset" 801
"C:/Users/SDI/Documents/Repo/Playable-Portfolio/Content/Characters/Mannequins/Textures/Quinn/T_Quinn_01ID_D.uexp" 802
"C:/Users/SDI/Documents/Repo/Playable-Portfolio/Content/Characters/Mannequins/Textures/Quinn/T_Quinn_01ID_Tan.ubulk" 803
"C:/Users/SDI/Documents/Repo/Playable-Portfolio/Content/Characters/Mannequins/Textures/Quinn/T_Quinn_01ID_Tan.uasset" 804
"C:/Users/SDI/Documents/Repo/Playable-Portfolio/Content/Characters/Mannequins/Textures/Quinn/T_Quinn_01ID_Tan.uexp" 805
"C:/Users/SDI/Documents/Repo/Playable-Portfolio/Content/Characters/Mannequins/Textures/Quinn/T_Quinn_01_CCRCCPlastic_MSK.ubulk" 806
"C:/Users/SDI/Documents/Repo/Playable-Portfolio/Content/Characters/Mannequins/Textures/Quinn/T_Quinn_01_CCRCCPlastic_MSK.uasset" 807
"C:/Users/SDI/Documents/Repo/Playable-Portfolio/Content/Characters/Mannequins/Textures/Quinn/T_Quinn_01_CCRCCPlastic_MSK.uexp" 808
"C:/Users/SDI/Documents/Repo/Playable-Portfolio/Content/Characters/Mannequins/Materials/Instances/Quinn/MI_Quinn_01.uasset" 809
"C:/Users/SDI/Documents/Repo/Playable-Portfolio/Content/Characters/Mannequins/Materials/Instances/Quinn/MI_Quinn_01.uexp" 810
"C:/Users/SDI/Documents/Repo/Playable-Portfolio/Content/Characters/Mannequins/Textures/Quinn/T_Quinn_02ID_N.ubulk" 811
"C:/Users/SDI/Documents/Repo/Playable-Portfolio/Content/Characters/Mannequins/Textures/Quinn/T_Quinn_02ID_N.uasset" 812
"C:/Users/SDI/Documents/Repo/Playable-Portfolio/Content/Characters/Mannequins/Textures/Quinn/T_Quinn_02ID_N.uexp" 813
"C:/Users/SDI/Documents/Repo/Playable-Portfolio/Content/Characters/Mannequins/Materials/Instances/Quinn/MI_Quinn_02.uasset" 814
"C:/Users/SDI/Documents/Repo/Playable-Portfolio/Content/Characters/Mannequins/Materials/Instances/Quinn/MI_Quinn_02.uexp" 815
"C:/Users/SDI/Documents/Repo/Playable-Portfolio/Content/AxeThrow/Animations/Mixamo_Quinn.uasset" 816
"C:/Users/SDI/Documents/Repo/Playable-Portfolio/Content/AxeThrow/Animations/Mixamo_Quinn.uexp" 817
"C:/Users/SDI/Documents/Repo/Playable-Portfolio/Content/Inputs/Actions/IA_Jump.uasset" 818
"C:/Users/SDI/Documents/Repo/Playable-Portfolio/Content/Inputs/Actions/IA_Jump.uexp" 819
"C:/Users/SDI/Documents/Repo/Playable-Portfolio/Content/Inputs/Actions/IA_Move.uasset" 820
"C:/Users/SDI/Documents/Repo/Playable-Portfolio/Content/Inputs/Actions/IA_Move.uexp" 821
"C:/Users/SDI/Documents/Repo/Playable-Portfolio/Content/Inputs/Actions/IA_Look.uasset" 822
"C:/Users/SDI/Documents/Repo/Playable-Portfolio/Content/Inputs/Actions/IA_Look.uexp" 823
"C:/Users/SDI/Documents/Repo/Playable-Portfolio/Content/Inputs/MappingContextes/AxeThrow/IMC_AxeMovement.uasset" 824
"C:/Users/SDI/Documents/Repo/Playable-Portfolio/Content/Inputs/MappingContextes/AxeThrow/IMC_AxeMovement.uexp" 825
"C:/Users/SDI/Documents/Repo/Playable-Portfolio/Content/Inputs/Actions/IA_Equip.uasset" 826
"C:/Users/SDI/Documents/Repo/Playable-Portfolio/Content/Inputs/Actions/IA_Equip.uexp" 827
"C:/Users/SDI/Documents/Repo/Playable-Portfolio/Content/Inputs/Actions/IA_Throw.uasset" 828
"C:/Users/SDI/Documents/Repo/Playable-Portfolio/Content/Inputs/Actions/IA_Throw.uexp" 829
"C:/Users/SDI/Documents/Repo/Playable-Portfolio/Content/Inputs/Actions/IA_Aim.uasset" 830
"C:/Users/SDI/Documents/Repo/Playable-Portfolio/Content/Inputs/Actions/IA_Aim.uexp" 831
"C:/Users/SDI/Documents/Repo/Playable-Portfolio/Content/Inputs/Actions/IA_Recall.uasset" 832
"C:/Users/SDI/Documents/Repo/Playable-Portfolio/Content/Inputs/Actions/IA_Recall.uexp" 833
"C:/Users/SDI/Documents/Repo/Playable-Portfolio/Content/Inputs/MappingContextes/AxeThrow/IMC_AxeAttack.uasset" 834
"C:/Users/SDI/Documents/Repo/Playable-Portfolio/Content/Inputs/MappingContextes/AxeThrow/IMC_AxeAttack.uexp" 835
"C:/Users/SDI/Documents/Repo/Playable-Portfolio/Content/Inputs/MappingContextes/AxeThrow/IMC_AxeMisc.uasset" 836
"C:/Users/SDI/Documents/Repo/Playable-Portfolio/Content/Inputs/MappingContextes/AxeThrow/IMC_AxeMisc.uexp" 837
"C:/Users/SDI/Documents/Repo/Playable-Portfolio/Content/Inputs/Data/AxeInputs.uasset" 838
"C:/Users/SDI/Documents/Repo/Playable-Portfolio/Content/Inputs/Data/AxeInputs.uexp" 839
"C:/Users/SDI/Documents/Repo/Playable-Portfolio/Content/AxeThrow/Blueprint/Player/BP_AxePlayer.uasset" 840
"C:/Users/SDI/Documents/Repo/Playable-Portfolio/Content/AxeThrow/Blueprint/Player/BP_AxePlayer.uexp" 841
"C:/Users/SDI/Documents/Repo/Playable-Portfolio/Content/AxeThrow/Blueprint/BP_AxeGamemode.uasset" 842
"C:/Users/SDI/Documents/Repo/Playable-Portfolio/Content/AxeThrow/Blueprint/BP_AxeGamemode.uexp" 843
"C:/Users/SDI/Documents/Repo/Playable-Portfolio/Content/ThirdPerson/Maps/ThirdPersonMap.uexp" 844
"C:/Users/SDI/Documents/Repo/Playable-Portfolio/Content/ThirdPerson/Maps/ThirdPersonMap.umap" 845
